#
# There is insufficient memory for the Java Runtime Environment to continue.
# Native memory allocation (malloc) failed to allocate 197936 bytes for Chunk::new
# Possible reasons:
#   The system is out of physical RAM or swap space
#   The process is running with CompressedOops enabled, and the Java Heap may be blocking the growth of the native heap
# Possible solutions:
#   Reduce memory load on the system
#   Increase physical memory or swap space
#   Check if swap backing store is full
#   Decrease Java heap size (-Xmx/-Xms)
#   Decrease number of Java threads
#   Decrease Java thread stack sizes (-Xss)
#   Set larger code cache with -XX:ReservedCodeCacheSize=
#   JVM is running with Zero Based Compressed Oops mode in which the Java heap is
#     placed in the first 32GB address space. The Java Heap base address is the
#     maximum limit for the native heap growth. Please use -XX:HeapBaseMinAddress
#     to set the Java Heap base and to place the Java Heap above 32GB virtual address.
# This output file may be truncated or incomplete.
#
#  Out of Memory Error (./src/hotspot/share/memory/arena.cpp:197), pid=12316, tid=9580
#
# JRE version: OpenJDK Runtime Environment Corretto-11.0.17.8.1 (11.0.17+8) (build 11.0.17+8-LTS)
# Java VM: OpenJDK 64-Bit Server VM Corretto-11.0.17.8.1 (11.0.17+8-LTS, mixed mode, tiered, compressed oops, g1 gc, windows-amd64)
# No core dump will be written. Minidumps are not enabled by default on client versions of Windows
#

---------------  S U M M A R Y ------------

Command Line: -ea -Didea.test.cyclic.buffer.size=1048576 -javaagent:C:\Program Files\JetBrains\IntelliJ IDEA Community Edition 2022.2.3\lib\idea_rt.jar=54277:C:\Program Files\JetBrains\IntelliJ IDEA Community Edition 2022.2.3\bin -Dfile.encoding=UTF-8 com.intellij.rt.junit.JUnitStarter -ideVersion5 -junit4 scooterTest.InChromeBrowserTest.ImpotantQuestionTest,IsVisibleTextWhenClickedButton

Host: Intel(R) Core(TM) i5-6400 CPU @ 2.70GHz, 4 cores, 15G,  Windows 7 , 64 bit Build 7601 (6.1.7601.24520)
Time: Mon Dec 26 19:28:23 2022 RTZ 2 (зима) elapsed time: 29.701882 seconds (0d 0h 0m 29s)

---------------  T H R E A D  ---------------

Current thread (0x00000000274ed800):  JavaThread "C2 CompilerThread0" daemon [_thread_in_native, id=9580, stack(0x0000000027e00000,0x0000000027f00000)]


Current CompileTask:
C2:  29701 2671   !   4       sun.nio.fs.WindowsPath::initOffsets (153 bytes)

Stack: [0x0000000027e00000,0x0000000027f00000]
Native frames: (J=compiled Java code, j=interpreted, Vv=VM code, C=native code)
V  [jvm.dll+0x61f66a]
V  [jvm.dll+0x7ac889]
V  [jvm.dll+0x7adf78]
V  [jvm.dll+0x7ae653]
V  [jvm.dll+0x24fbe8]
V  [jvm.dll+0xc262c]
V  [jvm.dll+0xc2bec]
V  [jvm.dll+0x359ff2]
V  [jvm.dll+0x19e8c9]
V  [jvm.dll+0x209165]
V  [jvm.dll+0x20818d]
V  [jvm.dll+0x18a3c1]
V  [jvm.dll+0x217894]
V  [jvm.dll+0x215adb]
V  [jvm.dll+0x76f380]
V  [jvm.dll+0x7682b4]
V  [jvm.dll+0x61e4d5]
C  [ucrtbase.DLL+0x203ba]
C  [kernel32.dll+0x1556d]
C  [ntdll.dll+0x5385d]


---------------  P R O C E S S  ---------------

Threads class SMR info:
_java_thread_list=0x0000000029706570, length=38, elements={
0x000000000039c000, 0x000000002681b000, 0x0000000026825000, 0x00000000274e8800,
0x00000000274eb800, 0x00000000274ec800, 0x00000000274ed800, 0x0000000026832000,
0x000000002683e800, 0x000000002762c800, 0x0000000027726800, 0x0000000029494800,
0x00000000295b6000, 0x00000000295e7000, 0x000000002952e000, 0x00000000297ee000,
0x000000002965a800, 0x0000000029857800, 0x00000000297e9800, 0x0000000029775800,
0x0000000028e81000, 0x0000000028e81800, 0x0000000028e82800, 0x0000000028e84000,
0x0000000028e85000, 0x0000000028e85800, 0x0000000028e83800, 0x0000000028e86800,
0x0000000028e87800, 0x0000000028e71800, 0x0000000028e72800, 0x0000000028e73800,
0x0000000028e74000, 0x0000000028e75000, 0x0000000028e75800, 0x0000000028e71000,
0x0000000028e76800, 0x0000000028e77800
}

Java Threads: ( => current thread )
  0x000000000039c000 JavaThread "Forwarding newSession on session null to remote" [_thread_blocked, id=4664, stack(0x00000000021c0000,0x00000000022c0000)]
  0x000000002681b000 JavaThread "Reference Handler" daemon [_thread_blocked, id=13072, stack(0x0000000027310000,0x0000000027410000)]
  0x0000000026825000 JavaThread "Finalizer" daemon [_thread_blocked, id=9940, stack(0x00000000271d0000,0x00000000272d0000)]
  0x00000000274e8800 JavaThread "Signal Dispatcher" daemon [_thread_blocked, id=12872, stack(0x0000000027920000,0x0000000027a20000)]
  0x00000000274eb800 JavaThread "Attach Listener" daemon [_thread_blocked, id=10028, stack(0x0000000027ba0000,0x0000000027ca0000)]
  0x00000000274ec800 JavaThread "Service Thread" daemon [_thread_blocked, id=14188, stack(0x0000000027cf0000,0x0000000027df0000)]
=>0x00000000274ed800 JavaThread "C2 CompilerThread0" daemon [_thread_in_native, id=9580, stack(0x0000000027e00000,0x0000000027f00000)]
  0x0000000026832000 JavaThread "C1 CompilerThread0" daemon [_thread_blocked, id=1452, stack(0x0000000027f70000,0x0000000028070000)]
  0x000000002683e800 JavaThread "Sweeper thread" daemon [_thread_blocked, id=12896, stack(0x0000000028090000,0x0000000028190000)]
  0x000000002762c800 JavaThread "Common-Cleaner" daemon [_thread_blocked, id=5084, stack(0x0000000028240000,0x0000000028340000)]
  0x0000000027726800 JavaThread "Monitor Ctrl-Break" daemon [_thread_in_native, id=12504, stack(0x0000000028580000,0x0000000028680000)]
  0x0000000029494800 JavaThread "Exec Default Executor" daemon [_thread_in_native, id=12596, stack(0x000000002a660000,0x000000002a760000)]
  0x00000000295b6000 JavaThread "UrlChecker-2" daemon [_thread_in_native, id=12476, stack(0x000000002ae40000,0x000000002af40000)]
  0x00000000295e7000 JavaThread "Exec Stream Pumper" daemon [_thread_in_native, id=2324, stack(0x000000002b020000,0x000000002b120000)]
  0x000000002952e000 JavaThread "Exec Stream Pumper" daemon [_thread_in_native, id=10208, stack(0x000000002b250000,0x000000002b350000)]
  0x00000000297ee000 JavaThread "OkHttp ConnectionPool" daemon [_thread_blocked, id=12360, stack(0x000000002bb10000,0x000000002bc10000)]
  0x000000002965a800 JavaThread "Okio Watchdog" daemon [_thread_blocked, id=8912, stack(0x000000002bc90000,0x000000002bd90000)]
  0x0000000029857800 JavaThread "Exec Default Executor" daemon [_thread_in_native, id=12984, stack(0x000000002b750000,0x000000002b850000)]
  0x00000000297e9800 JavaThread "Exec Stream Pumper" daemon [_thread_in_native, id=11464, stack(0x000000002bee0000,0x000000002bfe0000)]
  0x0000000029775800 JavaThread "Exec Stream Pumper" daemon [_thread_in_native, id=13208, stack(0x0000000028440000,0x0000000028540000)]
  0x0000000028e81000 JavaThread "Exec Default Executor" daemon [_thread_in_native, id=13288, stack(0x000000002bda0000,0x000000002bea0000)]
  0x0000000028e81800 JavaThread "Exec Stream Pumper" daemon [_thread_in_native, id=9900, stack(0x000000002b3a0000,0x000000002b4a0000)]
  0x0000000028e82800 JavaThread "Exec Stream Pumper" daemon [_thread_in_native, id=10524, stack(0x000000002c190000,0x000000002c290000)]
  0x0000000028e84000 JavaThread "Exec Default Executor" daemon [_thread_in_native, id=13560, stack(0x000000002c710000,0x000000002c810000)]
  0x0000000028e85000 JavaThread "Exec Stream Pumper" daemon [_thread_in_native, id=14148, stack(0x000000002c8b0000,0x000000002c9b0000)]
  0x0000000028e85800 JavaThread "Exec Stream Pumper" daemon [_thread_in_native, id=11992, stack(0x000000002c000000,0x000000002c100000)]
  0x0000000028e83800 JavaThread "Exec Default Executor" daemon [_thread_in_native, id=9460, stack(0x000000002c430000,0x000000002c530000)]
  0x0000000028e86800 JavaThread "Exec Stream Pumper" daemon [_thread_in_native, id=1728, stack(0x000000002c5e0000,0x000000002c6e0000)]
  0x0000000028e87800 JavaThread "Exec Stream Pumper" daemon [_thread_in_native, id=10828, stack(0x000000002ca50000,0x000000002cb50000)]
  0x0000000028e71800 JavaThread "Exec Default Executor" daemon [_thread_in_native, id=15216, stack(0x000000002c2b0000,0x000000002c3b0000)]
  0x0000000028e72800 JavaThread "Exec Stream Pumper" daemon [_thread_in_native, id=15228, stack(0x000000002d0a0000,0x000000002d1a0000)]
  0x0000000028e73800 JavaThread "Exec Stream Pumper" daemon [_thread_in_native, id=15232, stack(0x000000002cf40000,0x000000002d040000)]
  0x0000000028e74000 JavaThread "Exec Default Executor" daemon [_thread_in_native, id=14740, stack(0x000000002d350000,0x000000002d450000)]
  0x0000000028e75000 JavaThread "Exec Stream Pumper" daemon [_thread_in_native, id=14920, stack(0x000000002cbc0000,0x000000002ccc0000)]
  0x0000000028e75800 JavaThread "Exec Stream Pumper" daemon [_thread_in_native, id=14736, stack(0x000000002d5c0000,0x000000002d6c0000)]
  0x0000000028e71000 JavaThread "Exec Default Executor" daemon [_thread_in_native, id=15724, stack(0x000000002d1e0000,0x000000002d2e0000)]
  0x0000000028e76800 JavaThread "Exec Stream Pumper" daemon [_thread_in_native, id=15736, stack(0x000000002d700000,0x000000002d800000)]
  0x0000000028e77800 JavaThread "Exec Stream Pumper" daemon [_thread_in_native, id=15740, stack(0x000000002d840000,0x000000002d940000)]

Other Threads:
  0x00000000267d8800 VMThread "VM Thread" [stack: 0x0000000026400000,0x0000000026500000] [id=2424]
  0x0000000027729800 WatcherThread [stack: 0x0000000028840000,0x0000000028940000] [id=3060]
  0x00000000003b5800 GCTaskThread "GC Thread#0" [stack: 0x0000000019ee0000,0x0000000019fe0000] [id=7596]
  0x00000000293a8800 GCTaskThread "GC Thread#1" [stack: 0x00000000286a0000,0x00000000287a0000] [id=14332]
  0x0000000029354000 GCTaskThread "GC Thread#2" [stack: 0x000000002a520000,0x000000002a620000] [id=9220]
  0x0000000029357000 GCTaskThread "GC Thread#3" [stack: 0x000000002a760000,0x000000002a860000] [id=9000]
  0x0000000000413800 ConcurrentGCThread "G1 Main Marker" [stack: 0x0000000023d20000,0x0000000023e20000] [id=6724]
  0x0000000000415000 ConcurrentGCThread "G1 Conc#0" [stack: 0x0000000023e60000,0x0000000023f60000] [id=9156]
  0x000000002616c800 ConcurrentGCThread "G1 Refine#0" [stack: 0x0000000026540000,0x0000000026640000] [id=12688]
  0x0000000026640800 ConcurrentGCThread "G1 Young RemSet Sampling" [stack: 0x00000000268a0000,0x00000000269a0000] [id=11076]

Threads with active compile tasks:
C2 CompilerThread0    29732 2671   !   4       sun.nio.fs.WindowsPath::initOffsets (153 bytes)

VM state:not at safepoint (normal execution)

VM Mutex/Monitor currently owned by a thread: None

Heap address: 0x0000000701800000, size: 4072 MB, Compressed Oops mode: Zero based, Oop shift amount: 3
Narrow klass base: 0x0000000800000000, Narrow klass shift: 0
Compressed class space size: 1073741824 Address: 0x0000000800000000

Heap:
 garbage-first heap   total 315392K, used 43743K [0x0000000701800000, 0x0000000800000000)
  region size 1024K, 36 young (36864K), 2 survivors (2048K)
 Metaspace       used 22575K, capacity 23117K, committed 23344K, reserved 1071104K
  class space    used 2346K, capacity 2575K, committed 2688K, reserved 1048576K
Heap Regions: E=young(eden), S=young(survivor), O=old, HS=humongous(starts), HC=humongous(continues), CS=collection set, F=free, A=archive, TAMS=top-at-mark-start (previous, next)
|   0|0x0000000701800000, 0x0000000701900000, 0x0000000701900000|100%| O|  |TAMS 0x0000000701900000, 0x0000000701800000| Untracked 
|   1|0x0000000701900000, 0x0000000701a00000, 0x0000000701a00000|100%| O|  |TAMS 0x0000000701a00000, 0x0000000701900000| Untracked 
|   2|0x0000000701a00000, 0x0000000701b00000, 0x0000000701b00000|100%| O|  |TAMS 0x0000000701b00000, 0x0000000701a00000| Untracked 
|   3|0x0000000701b00000, 0x0000000701c00000, 0x0000000701c00000|100%| O|  |TAMS 0x0000000701c00000, 0x0000000701b00000| Untracked 
|   4|0x0000000701c00000, 0x0000000701d00000, 0x0000000701d00000|100%| O|  |TAMS 0x0000000701d00000, 0x0000000701c00000| Untracked 
|   5|0x0000000701d00000, 0x0000000701e00000, 0x0000000701e00000|100%| O|  |TAMS 0x0000000701e00000, 0x0000000701d00000| Untracked 
|   6|0x0000000701e00000, 0x0000000701f00000, 0x0000000701f00000|100%| O|  |TAMS 0x0000000701e13a00, 0x0000000701e00000| Untracked 
|   7|0x0000000701f00000, 0x0000000702000000, 0x0000000702000000|100%| O|  |TAMS 0x0000000701f00000, 0x0000000701f00000| Untracked 
|   8|0x0000000702000000, 0x0000000702091000, 0x0000000702100000| 56%| O|  |TAMS 0x0000000702000000, 0x0000000702000000| Untracked 
|   9|0x0000000702100000, 0x0000000702100000, 0x0000000702200000|  0%| F|  |TAMS 0x0000000702100000, 0x0000000702100000| Untracked 
|  10|0x0000000702200000, 0x0000000702200000, 0x0000000702300000|  0%| F|  |TAMS 0x0000000702200000, 0x0000000702200000| Untracked 
|  11|0x0000000702300000, 0x0000000702300000, 0x0000000702400000|  0%| F|  |TAMS 0x0000000702300000, 0x0000000702300000| Untracked 
|  12|0x0000000702400000, 0x0000000702400000, 0x0000000702500000|  0%| F|  |TAMS 0x0000000702400000, 0x0000000702400000| Untracked 
|  13|0x0000000702500000, 0x0000000702500000, 0x0000000702600000|  0%| F|  |TAMS 0x0000000702500000, 0x0000000702500000| Untracked 
|  14|0x0000000702600000, 0x0000000702600000, 0x0000000702700000|  0%| F|  |TAMS 0x0000000702600000, 0x0000000702600000| Untracked 
|  15|0x0000000702700000, 0x0000000702700000, 0x0000000702800000|  0%| F|  |TAMS 0x0000000702700000, 0x0000000702700000| Untracked 
|  16|0x0000000702800000, 0x0000000702800000, 0x0000000702900000|  0%| F|  |TAMS 0x0000000702800000, 0x0000000702800000| Untracked 
|  17|0x0000000702900000, 0x0000000702900000, 0x0000000702a00000|  0%| F|  |TAMS 0x0000000702900000, 0x0000000702900000| Untracked 
|  18|0x0000000702a00000, 0x0000000702a00000, 0x0000000702b00000|  0%| F|  |TAMS 0x0000000702a00000, 0x0000000702a00000| Untracked 
|  19|0x0000000702b00000, 0x0000000702b00000, 0x0000000702c00000|  0%| F|  |TAMS 0x0000000702b00000, 0x0000000702b00000| Untracked 
|  20|0x0000000702c00000, 0x0000000702c00000, 0x0000000702d00000|  0%| F|  |TAMS 0x0000000702c00000, 0x0000000702c00000| Untracked 
|  21|0x0000000702d00000, 0x0000000702d00000, 0x0000000702e00000|  0%| F|  |TAMS 0x0000000702d00000, 0x0000000702d00000| Untracked 
|  22|0x0000000702e00000, 0x0000000702e00000, 0x0000000702f00000|  0%| F|  |TAMS 0x0000000702e00000, 0x0000000702e00000| Untracked 
|  23|0x0000000702f00000, 0x0000000702f00000, 0x0000000703000000|  0%| F|  |TAMS 0x0000000702f00000, 0x0000000702f00000| Untracked 
|  24|0x0000000703000000, 0x0000000703000000, 0x0000000703100000|  0%| F|  |TAMS 0x0000000703000000, 0x0000000703000000| Untracked 
|  25|0x0000000703100000, 0x0000000703100000, 0x0000000703200000|  0%| F|  |TAMS 0x0000000703100000, 0x0000000703100000| Untracked 
|  26|0x0000000703200000, 0x0000000703200000, 0x0000000703300000|  0%| F|  |TAMS 0x0000000703200000, 0x0000000703200000| Untracked 
|  27|0x0000000703300000, 0x0000000703300000, 0x0000000703400000|  0%| F|  |TAMS 0x0000000703300000, 0x0000000703300000| Untracked 
|  28|0x0000000703400000, 0x0000000703400000, 0x0000000703500000|  0%| F|  |TAMS 0x0000000703400000, 0x0000000703400000| Untracked 
|  29|0x0000000703500000, 0x0000000703500000, 0x0000000703600000|  0%| F|  |TAMS 0x0000000703500000, 0x0000000703500000| Untracked 
|  30|0x0000000703600000, 0x0000000703600000, 0x0000000703700000|  0%| F|  |TAMS 0x0000000703600000, 0x0000000703600000| Untracked 
|  31|0x0000000703700000, 0x0000000703700000, 0x0000000703800000|  0%| F|  |TAMS 0x0000000703700000, 0x0000000703700000| Untracked 
|  32|0x0000000703800000, 0x0000000703800000, 0x0000000703900000|  0%| F|  |TAMS 0x0000000703800000, 0x0000000703800000| Untracked 
|  33|0x0000000703900000, 0x0000000703900000, 0x0000000703a00000|  0%| F|  |TAMS 0x0000000703900000, 0x0000000703900000| Untracked 
|  34|0x0000000703a00000, 0x0000000703a00000, 0x0000000703b00000|  0%| F|  |TAMS 0x0000000703a00000, 0x0000000703a00000| Untracked 
|  35|0x0000000703b00000, 0x0000000703b00000, 0x0000000703c00000|  0%| F|  |TAMS 0x0000000703b00000, 0x0000000703b00000| Untracked 
|  36|0x0000000703c00000, 0x0000000703c00000, 0x0000000703d00000|  0%| F|  |TAMS 0x0000000703c00000, 0x0000000703c00000| Untracked 
|  37|0x0000000703d00000, 0x0000000703d00000, 0x0000000703e00000|  0%| F|  |TAMS 0x0000000703d00000, 0x0000000703d00000| Untracked 
|  38|0x0000000703e00000, 0x0000000703e00000, 0x0000000703f00000|  0%| F|  |TAMS 0x0000000703e00000, 0x0000000703e00000| Untracked 
|  39|0x0000000703f00000, 0x0000000703f00000, 0x0000000704000000|  0%| F|  |TAMS 0x0000000703f00000, 0x0000000703f00000| Untracked 
|  40|0x0000000704000000, 0x0000000704000000, 0x0000000704100000|  0%| F|  |TAMS 0x0000000704000000, 0x0000000704000000| Untracked 
|  41|0x0000000704100000, 0x0000000704100000, 0x0000000704200000|  0%| F|  |TAMS 0x0000000704100000, 0x0000000704100000| Untracked 
|  42|0x0000000704200000, 0x0000000704200000, 0x0000000704300000|  0%| F|  |TAMS 0x0000000704200000, 0x0000000704200000| Untracked 
|  43|0x0000000704300000, 0x0000000704300000, 0x0000000704400000|  0%| F|  |TAMS 0x0000000704300000, 0x0000000704300000| Untracked 
|  44|0x0000000704400000, 0x0000000704400000, 0x0000000704500000|  0%| F|  |TAMS 0x0000000704400000, 0x0000000704400000| Untracked 
|  45|0x0000000704500000, 0x0000000704500000, 0x0000000704600000|  0%| F|  |TAMS 0x0000000704500000, 0x0000000704500000| Untracked 
|  46|0x0000000704600000, 0x0000000704600000, 0x0000000704700000|  0%| F|  |TAMS 0x0000000704600000, 0x0000000704600000| Untracked 
|  47|0x0000000704700000, 0x0000000704700000, 0x0000000704800000|  0%| F|  |TAMS 0x0000000704700000, 0x0000000704700000| Untracked 
|  48|0x0000000704800000, 0x0000000704800000, 0x0000000704900000|  0%| F|  |TAMS 0x0000000704800000, 0x0000000704800000| Untracked 
|  49|0x0000000704900000, 0x0000000704900000, 0x0000000704a00000|  0%| F|  |TAMS 0x0000000704900000, 0x0000000704900000| Untracked 
|  50|0x0000000704a00000, 0x0000000704a00000, 0x0000000704b00000|  0%| F|  |TAMS 0x0000000704a00000, 0x0000000704a00000| Untracked 
|  51|0x0000000704b00000, 0x0000000704b00000, 0x0000000704c00000|  0%| F|  |TAMS 0x0000000704b00000, 0x0000000704b00000| Untracked 
|  52|0x0000000704c00000, 0x0000000704c00000, 0x0000000704d00000|  0%| F|  |TAMS 0x0000000704c00000, 0x0000000704c00000| Untracked 
|  53|0x0000000704d00000, 0x0000000704d00000, 0x0000000704e00000|  0%| F|  |TAMS 0x0000000704d00000, 0x0000000704d00000| Untracked 
|  54|0x0000000704e00000, 0x0000000704e00000, 0x0000000704f00000|  0%| F|  |TAMS 0x0000000704e00000, 0x0000000704e00000| Untracked 
|  55|0x0000000704f00000, 0x0000000704f00000, 0x0000000705000000|  0%| F|  |TAMS 0x0000000704f00000, 0x0000000704f00000| Untracked 
|  56|0x0000000705000000, 0x0000000705000000, 0x0000000705100000|  0%| F|  |TAMS 0x0000000705000000, 0x0000000705000000| Untracked 
|  57|0x0000000705100000, 0x0000000705100000, 0x0000000705200000|  0%| F|  |TAMS 0x0000000705100000, 0x0000000705100000| Untracked 
|  58|0x0000000705200000, 0x0000000705200000, 0x0000000705300000|  0%| F|  |TAMS 0x0000000705200000, 0x0000000705200000| Untracked 
|  59|0x0000000705300000, 0x0000000705300000, 0x0000000705400000|  0%| F|  |TAMS 0x0000000705300000, 0x0000000705300000| Untracked 
|  60|0x0000000705400000, 0x0000000705400000, 0x0000000705500000|  0%| F|  |TAMS 0x0000000705400000, 0x0000000705400000| Untracked 
|  61|0x0000000705500000, 0x0000000705500000, 0x0000000705600000|  0%| F|  |TAMS 0x0000000705500000, 0x0000000705500000| Untracked 
|  62|0x0000000705600000, 0x0000000705600000, 0x0000000705700000|  0%| F|  |TAMS 0x0000000705600000, 0x0000000705600000| Untracked 
|  63|0x0000000705700000, 0x0000000705700000, 0x0000000705800000|  0%| F|  |TAMS 0x0000000705700000, 0x0000000705700000| Untracked 
|  64|0x0000000705800000, 0x0000000705800000, 0x0000000705900000|  0%| F|  |TAMS 0x0000000705800000, 0x0000000705800000| Untracked 
|  65|0x0000000705900000, 0x0000000705900000, 0x0000000705a00000|  0%| F|  |TAMS 0x0000000705900000, 0x0000000705900000| Untracked 
|  66|0x0000000705a00000, 0x0000000705a00000, 0x0000000705b00000|  0%| F|  |TAMS 0x0000000705a00000, 0x0000000705a00000| Untracked 
|  67|0x0000000705b00000, 0x0000000705b00000, 0x0000000705c00000|  0%| F|  |TAMS 0x0000000705b00000, 0x0000000705b00000| Untracked 
|  68|0x0000000705c00000, 0x0000000705c00000, 0x0000000705d00000|  0%| F|  |TAMS 0x0000000705c00000, 0x0000000705c00000| Untracked 
|  69|0x0000000705d00000, 0x0000000705d00000, 0x0000000705e00000|  0%| F|  |TAMS 0x0000000705d00000, 0x0000000705d00000| Untracked 
|  70|0x0000000705e00000, 0x0000000705e00000, 0x0000000705f00000|  0%| F|  |TAMS 0x0000000705e00000, 0x0000000705e00000| Untracked 
|  71|0x0000000705f00000, 0x0000000705f00000, 0x0000000706000000|  0%| F|  |TAMS 0x0000000705f00000, 0x0000000705f00000| Untracked 
|  72|0x0000000706000000, 0x0000000706000000, 0x0000000706100000|  0%| F|  |TAMS 0x0000000706000000, 0x0000000706000000| Untracked 
|  73|0x0000000706100000, 0x0000000706100000, 0x0000000706200000|  0%| F|  |TAMS 0x0000000706100000, 0x0000000706100000| Untracked 
|  74|0x0000000706200000, 0x0000000706200000, 0x0000000706300000|  0%| F|  |TAMS 0x0000000706200000, 0x0000000706200000| Untracked 
|  75|0x0000000706300000, 0x0000000706300000, 0x0000000706400000|  0%| F|  |TAMS 0x0000000706300000, 0x0000000706300000| Untracked 
|  76|0x0000000706400000, 0x0000000706400000, 0x0000000706500000|  0%| F|  |TAMS 0x0000000706400000, 0x0000000706400000| Untracked 
|  77|0x0000000706500000, 0x0000000706500000, 0x0000000706600000|  0%| F|  |TAMS 0x0000000706500000, 0x0000000706500000| Untracked 
|  78|0x0000000706600000, 0x0000000706600000, 0x0000000706700000|  0%| F|  |TAMS 0x0000000706600000, 0x0000000706600000| Untracked 
|  79|0x0000000706700000, 0x0000000706700000, 0x0000000706800000|  0%| F|  |TAMS 0x0000000706700000, 0x0000000706700000| Untracked 
|  80|0x0000000706800000, 0x0000000706800000, 0x0000000706900000|  0%| F|  |TAMS 0x0000000706800000, 0x0000000706800000| Untracked 
|  81|0x0000000706900000, 0x0000000706900000, 0x0000000706a00000|  0%| F|  |TAMS 0x0000000706900000, 0x0000000706900000| Untracked 
|  82|0x0000000706a00000, 0x0000000706a00000, 0x0000000706b00000|  0%| F|  |TAMS 0x0000000706a00000, 0x0000000706a00000| Untracked 
|  83|0x0000000706b00000, 0x0000000706b00000, 0x0000000706c00000|  0%| F|  |TAMS 0x0000000706b00000, 0x0000000706b00000| Untracked 
|  84|0x0000000706c00000, 0x0000000706c00000, 0x0000000706d00000|  0%| F|  |TAMS 0x0000000706c00000, 0x0000000706c00000| Untracked 
|  85|0x0000000706d00000, 0x0000000706d00000, 0x0000000706e00000|  0%| F|  |TAMS 0x0000000706d00000, 0x0000000706d00000| Untracked 
|  86|0x0000000706e00000, 0x0000000706e00000, 0x0000000706f00000|  0%| F|  |TAMS 0x0000000706e00000, 0x0000000706e00000| Untracked 
|  87|0x0000000706f00000, 0x0000000706f00000, 0x0000000707000000|  0%| F|  |TAMS 0x0000000706f00000, 0x0000000706f00000| Untracked 
|  88|0x0000000707000000, 0x0000000707000000, 0x0000000707100000|  0%| F|  |TAMS 0x0000000707000000, 0x0000000707000000| Untracked 
|  89|0x0000000707100000, 0x0000000707100000, 0x0000000707200000|  0%| F|  |TAMS 0x0000000707100000, 0x0000000707100000| Untracked 
|  90|0x0000000707200000, 0x0000000707200000, 0x0000000707300000|  0%| F|  |TAMS 0x0000000707200000, 0x0000000707200000| Untracked 
|  91|0x0000000707300000, 0x0000000707300000, 0x0000000707400000|  0%| F|  |TAMS 0x0000000707300000, 0x0000000707300000| Untracked 
|  92|0x0000000707400000, 0x0000000707400000, 0x0000000707500000|  0%| F|  |TAMS 0x0000000707400000, 0x0000000707400000| Untracked 
|  93|0x0000000707500000, 0x0000000707500000, 0x0000000707600000|  0%| F|  |TAMS 0x0000000707500000, 0x0000000707500000| Untracked 
|  94|0x0000000707600000, 0x0000000707600000, 0x0000000707700000|  0%| F|  |TAMS 0x0000000707600000, 0x0000000707600000| Untracked 
|  95|0x0000000707700000, 0x0000000707700000, 0x0000000707800000|  0%| F|  |TAMS 0x0000000707700000, 0x0000000707700000| Untracked 
|  96|0x0000000707800000, 0x0000000707800000, 0x0000000707900000|  0%| F|  |TAMS 0x0000000707800000, 0x0000000707800000| Untracked 
|  97|0x0000000707900000, 0x0000000707900000, 0x0000000707a00000|  0%| F|  |TAMS 0x0000000707900000, 0x0000000707900000| Untracked 
|  98|0x0000000707a00000, 0x0000000707a00000, 0x0000000707b00000|  0%| F|  |TAMS 0x0000000707a00000, 0x0000000707a00000| Untracked 
|  99|0x0000000707b00000, 0x0000000707b00000, 0x0000000707c00000|  0%| F|  |TAMS 0x0000000707b00000, 0x0000000707b00000| Untracked 
| 100|0x0000000707c00000, 0x0000000707c00000, 0x0000000707d00000|  0%| F|  |TAMS 0x0000000707c00000, 0x0000000707c00000| Untracked 
| 101|0x0000000707d00000, 0x0000000707d00000, 0x0000000707e00000|  0%| F|  |TAMS 0x0000000707d00000, 0x0000000707d00000| Untracked 
| 102|0x0000000707e00000, 0x0000000707e00000, 0x0000000707f00000|  0%| F|  |TAMS 0x0000000707e00000, 0x0000000707e00000| Untracked 
| 103|0x0000000707f00000, 0x0000000707f00000, 0x0000000708000000|  0%| F|  |TAMS 0x0000000707f00000, 0x0000000707f00000| Untracked 
| 104|0x0000000708000000, 0x0000000708000000, 0x0000000708100000|  0%| F|  |TAMS 0x0000000708000000, 0x0000000708000000| Untracked 
| 105|0x0000000708100000, 0x0000000708100000, 0x0000000708200000|  0%| F|  |TAMS 0x0000000708100000, 0x0000000708100000| Untracked 
| 106|0x0000000708200000, 0x0000000708200000, 0x0000000708300000|  0%| F|  |TAMS 0x0000000708200000, 0x0000000708200000| Untracked 
| 107|0x0000000708300000, 0x0000000708300000, 0x0000000708400000|  0%| F|  |TAMS 0x0000000708300000, 0x0000000708300000| Untracked 
| 108|0x0000000708400000, 0x0000000708400000, 0x0000000708500000|  0%| F|  |TAMS 0x0000000708400000, 0x0000000708400000| Untracked 
| 109|0x0000000708500000, 0x0000000708500000, 0x0000000708600000|  0%| F|  |TAMS 0x0000000708500000, 0x0000000708500000| Untracked 
| 110|0x0000000708600000, 0x0000000708600000, 0x0000000708700000|  0%| F|  |TAMS 0x0000000708600000, 0x0000000708600000| Untracked 
| 111|0x0000000708700000, 0x0000000708700000, 0x0000000708800000|  0%| F|  |TAMS 0x0000000708700000, 0x0000000708700000| Untracked 
| 112|0x0000000708800000, 0x0000000708800000, 0x0000000708900000|  0%| F|  |TAMS 0x0000000708800000, 0x0000000708800000| Untracked 
| 113|0x0000000708900000, 0x0000000708900000, 0x0000000708a00000|  0%| F|  |TAMS 0x0000000708900000, 0x0000000708900000| Untracked 
| 114|0x0000000708a00000, 0x0000000708a00000, 0x0000000708b00000|  0%| F|  |TAMS 0x0000000708a00000, 0x0000000708a00000| Untracked 
| 115|0x0000000708b00000, 0x0000000708b00000, 0x0000000708c00000|  0%| F|  |TAMS 0x0000000708b00000, 0x0000000708b00000| Untracked 
| 116|0x0000000708c00000, 0x0000000708c00000, 0x0000000708d00000|  0%| F|  |TAMS 0x0000000708c00000, 0x0000000708c00000| Untracked 
| 117|0x0000000708d00000, 0x0000000708d00000, 0x0000000708e00000|  0%| F|  |TAMS 0x0000000708d00000, 0x0000000708d00000| Untracked 
| 118|0x0000000708e00000, 0x0000000708e00000, 0x0000000708f00000|  0%| F|  |TAMS 0x0000000708e00000, 0x0000000708e00000| Untracked 
| 119|0x0000000708f00000, 0x0000000708f00000, 0x0000000709000000|  0%| F|  |TAMS 0x0000000708f00000, 0x0000000708f00000| Untracked 
| 120|0x0000000709000000, 0x0000000709000000, 0x0000000709100000|  0%| F|  |TAMS 0x0000000709000000, 0x0000000709000000| Untracked 
| 121|0x0000000709100000, 0x0000000709100000, 0x0000000709200000|  0%| F|  |TAMS 0x0000000709100000, 0x0000000709100000| Untracked 
| 122|0x0000000709200000, 0x0000000709200000, 0x0000000709300000|  0%| F|  |TAMS 0x0000000709200000, 0x0000000709200000| Untracked 
| 123|0x0000000709300000, 0x0000000709300000, 0x0000000709400000|  0%| F|  |TAMS 0x0000000709300000, 0x0000000709300000| Untracked 
| 124|0x0000000709400000, 0x0000000709400000, 0x0000000709500000|  0%| F|  |TAMS 0x0000000709400000, 0x0000000709400000| Untracked 
| 125|0x0000000709500000, 0x0000000709500000, 0x0000000709600000|  0%| F|  |TAMS 0x0000000709500000, 0x0000000709500000| Untracked 
| 126|0x0000000709600000, 0x0000000709600000, 0x0000000709700000|  0%| F|  |TAMS 0x0000000709600000, 0x0000000709600000| Untracked 
| 127|0x0000000709700000, 0x0000000709700000, 0x0000000709800000|  0%| F|  |TAMS 0x0000000709700000, 0x0000000709700000| Untracked 
| 128|0x0000000709800000, 0x0000000709800000, 0x0000000709900000|  0%| F|  |TAMS 0x0000000709800000, 0x0000000709800000| Untracked 
| 129|0x0000000709900000, 0x0000000709900000, 0x0000000709a00000|  0%| F|  |TAMS 0x0000000709900000, 0x0000000709900000| Untracked 
| 130|0x0000000709a00000, 0x0000000709a00000, 0x0000000709b00000|  0%| F|  |TAMS 0x0000000709a00000, 0x0000000709a00000| Untracked 
| 131|0x0000000709b00000, 0x0000000709b00000, 0x0000000709c00000|  0%| F|  |TAMS 0x0000000709b00000, 0x0000000709b00000| Untracked 
| 132|0x0000000709c00000, 0x0000000709c00000, 0x0000000709d00000|  0%| F|  |TAMS 0x0000000709c00000, 0x0000000709c00000| Untracked 
| 133|0x0000000709d00000, 0x0000000709d00000, 0x0000000709e00000|  0%| F|  |TAMS 0x0000000709d00000, 0x0000000709d00000| Untracked 
| 134|0x0000000709e00000, 0x0000000709e00000, 0x0000000709f00000|  0%| F|  |TAMS 0x0000000709e00000, 0x0000000709e00000| Untracked 
| 135|0x0000000709f00000, 0x0000000709f00000, 0x000000070a000000|  0%| F|  |TAMS 0x0000000709f00000, 0x0000000709f00000| Untracked 
| 136|0x000000070a000000, 0x000000070a000000, 0x000000070a100000|  0%| F|  |TAMS 0x000000070a000000, 0x000000070a000000| Untracked 
| 137|0x000000070a100000, 0x000000070a100000, 0x000000070a200000|  0%| F|  |TAMS 0x000000070a100000, 0x000000070a100000| Untracked 
| 138|0x000000070a200000, 0x000000070a200000, 0x000000070a300000|  0%| F|  |TAMS 0x000000070a200000, 0x000000070a200000| Untracked 
| 139|0x000000070a300000, 0x000000070a300000, 0x000000070a400000|  0%| F|  |TAMS 0x000000070a300000, 0x000000070a300000| Untracked 
| 140|0x000000070a400000, 0x000000070a400000, 0x000000070a500000|  0%| F|  |TAMS 0x000000070a400000, 0x000000070a400000| Untracked 
| 141|0x000000070a500000, 0x000000070a500000, 0x000000070a600000|  0%| F|  |TAMS 0x000000070a500000, 0x000000070a500000| Untracked 
| 142|0x000000070a600000, 0x000000070a600000, 0x000000070a700000|  0%| F|  |TAMS 0x000000070a600000, 0x000000070a600000| Untracked 
| 143|0x000000070a700000, 0x000000070a700000, 0x000000070a800000|  0%| F|  |TAMS 0x000000070a700000, 0x000000070a700000| Untracked 
| 144|0x000000070a800000, 0x000000070a800000, 0x000000070a900000|  0%| F|  |TAMS 0x000000070a800000, 0x000000070a800000| Untracked 
| 145|0x000000070a900000, 0x000000070a900000, 0x000000070aa00000|  0%| F|  |TAMS 0x000000070a900000, 0x000000070a900000| Untracked 
| 146|0x000000070aa00000, 0x000000070aa00000, 0x000000070ab00000|  0%| F|  |TAMS 0x000000070aa00000, 0x000000070aa00000| Untracked 
| 147|0x000000070ab00000, 0x000000070ab00000, 0x000000070ac00000|  0%| F|  |TAMS 0x000000070ab00000, 0x000000070ab00000| Untracked 
| 148|0x000000070ac00000, 0x000000070ac00000, 0x000000070ad00000|  0%| F|  |TAMS 0x000000070ac00000, 0x000000070ac00000| Untracked 
| 149|0x000000070ad00000, 0x000000070ad00000, 0x000000070ae00000|  0%| F|  |TAMS 0x000000070ad00000, 0x000000070ad00000| Untracked 
| 150|0x000000070ae00000, 0x000000070ae00000, 0x000000070af00000|  0%| F|  |TAMS 0x000000070ae00000, 0x000000070ae00000| Untracked 
| 151|0x000000070af00000, 0x000000070af00000, 0x000000070b000000|  0%| F|  |TAMS 0x000000070af00000, 0x000000070af00000| Untracked 
| 152|0x000000070b000000, 0x000000070b000000, 0x000000070b100000|  0%| F|  |TAMS 0x000000070b000000, 0x000000070b000000| Untracked 
| 153|0x000000070b100000, 0x000000070b100000, 0x000000070b200000|  0%| F|  |TAMS 0x000000070b100000, 0x000000070b100000| Untracked 
| 154|0x000000070b200000, 0x000000070b200000, 0x000000070b300000|  0%| F|  |TAMS 0x000000070b200000, 0x000000070b200000| Untracked 
| 155|0x000000070b300000, 0x000000070b300000, 0x000000070b400000|  0%| F|  |TAMS 0x000000070b300000, 0x000000070b300000| Untracked 
| 156|0x000000070b400000, 0x000000070b400000, 0x000000070b500000|  0%| F|  |TAMS 0x000000070b400000, 0x000000070b400000| Untracked 
| 157|0x000000070b500000, 0x000000070b500000, 0x000000070b600000|  0%| F|  |TAMS 0x000000070b500000, 0x000000070b500000| Untracked 
| 158|0x000000070b600000, 0x000000070b600000, 0x000000070b700000|  0%| F|  |TAMS 0x000000070b600000, 0x000000070b600000| Untracked 
| 159|0x000000070b700000, 0x000000070b700000, 0x000000070b800000|  0%| F|  |TAMS 0x000000070b700000, 0x000000070b700000| Untracked 
| 160|0x000000070b800000, 0x000000070b800000, 0x000000070b900000|  0%| F|  |TAMS 0x000000070b800000, 0x000000070b800000| Untracked 
| 161|0x000000070b900000, 0x000000070b900000, 0x000000070ba00000|  0%| F|  |TAMS 0x000000070b900000, 0x000000070b900000| Untracked 
| 162|0x000000070ba00000, 0x000000070ba00000, 0x000000070bb00000|  0%| F|  |TAMS 0x000000070ba00000, 0x000000070ba00000| Untracked 
| 163|0x000000070bb00000, 0x000000070bb00000, 0x000000070bc00000|  0%| F|  |TAMS 0x000000070bb00000, 0x000000070bb00000| Untracked 
| 164|0x000000070bc00000, 0x000000070bc00000, 0x000000070bd00000|  0%| F|  |TAMS 0x000000070bc00000, 0x000000070bc00000| Untracked 
| 165|0x000000070bd00000, 0x000000070bd00000, 0x000000070be00000|  0%| F|  |TAMS 0x000000070bd00000, 0x000000070bd00000| Untracked 
| 166|0x000000070be00000, 0x000000070be00000, 0x000000070bf00000|  0%| F|  |TAMS 0x000000070be00000, 0x000000070be00000| Untracked 
| 167|0x000000070bf00000, 0x000000070bf00000, 0x000000070c000000|  0%| F|  |TAMS 0x000000070bf00000, 0x000000070bf00000| Untracked 
| 168|0x000000070c000000, 0x000000070c000000, 0x000000070c100000|  0%| F|  |TAMS 0x000000070c000000, 0x000000070c000000| Untracked 
| 169|0x000000070c100000, 0x000000070c100000, 0x000000070c200000|  0%| F|  |TAMS 0x000000070c100000, 0x000000070c100000| Untracked 
| 170|0x000000070c200000, 0x000000070c200000, 0x000000070c300000|  0%| F|  |TAMS 0x000000070c200000, 0x000000070c200000| Untracked 
| 171|0x000000070c300000, 0x000000070c300000, 0x000000070c400000|  0%| F|  |TAMS 0x000000070c300000, 0x000000070c300000| Untracked 
| 172|0x000000070c400000, 0x000000070c400000, 0x000000070c500000|  0%| F|  |TAMS 0x000000070c400000, 0x000000070c400000| Untracked 
| 173|0x000000070c500000, 0x000000070c500000, 0x000000070c600000|  0%| F|  |TAMS 0x000000070c500000, 0x000000070c500000| Untracked 
| 174|0x000000070c600000, 0x000000070c600000, 0x000000070c700000|  0%| F|  |TAMS 0x000000070c600000, 0x000000070c600000| Untracked 
| 175|0x000000070c700000, 0x000000070c700000, 0x000000070c800000|  0%| F|  |TAMS 0x000000070c700000, 0x000000070c700000| Untracked 
| 176|0x000000070c800000, 0x000000070c800000, 0x000000070c900000|  0%| F|  |TAMS 0x000000070c800000, 0x000000070c800000| Untracked 
| 177|0x000000070c900000, 0x000000070c900000, 0x000000070ca00000|  0%| F|  |TAMS 0x000000070c900000, 0x000000070c900000| Untracked 
| 178|0x000000070ca00000, 0x000000070ca00000, 0x000000070cb00000|  0%| F|  |TAMS 0x000000070ca00000, 0x000000070ca00000| Untracked 
| 179|0x000000070cb00000, 0x000000070cb00000, 0x000000070cc00000|  0%| F|  |TAMS 0x000000070cb00000, 0x000000070cb00000| Untracked 
| 180|0x000000070cc00000, 0x000000070cc00000, 0x000000070cd00000|  0%| F|  |TAMS 0x000000070cc00000, 0x000000070cc00000| Untracked 
| 181|0x000000070cd00000, 0x000000070cd00000, 0x000000070ce00000|  0%| F|  |TAMS 0x000000070cd00000, 0x000000070cd00000| Untracked 
| 182|0x000000070ce00000, 0x000000070ce00000, 0x000000070cf00000|  0%| F|  |TAMS 0x000000070ce00000, 0x000000070ce00000| Untracked 
| 183|0x000000070cf00000, 0x000000070cf00000, 0x000000070d000000|  0%| F|  |TAMS 0x000000070cf00000, 0x000000070cf00000| Untracked 
| 184|0x000000070d000000, 0x000000070d000000, 0x000000070d100000|  0%| F|  |TAMS 0x000000070d000000, 0x000000070d000000| Untracked 
| 185|0x000000070d100000, 0x000000070d100000, 0x000000070d200000|  0%| F|  |TAMS 0x000000070d100000, 0x000000070d100000| Untracked 
| 186|0x000000070d200000, 0x000000070d200000, 0x000000070d300000|  0%| F|  |TAMS 0x000000070d200000, 0x000000070d200000| Untracked 
| 187|0x000000070d300000, 0x000000070d300000, 0x000000070d400000|  0%| F|  |TAMS 0x000000070d300000, 0x000000070d300000| Untracked 
| 188|0x000000070d400000, 0x000000070d400000, 0x000000070d500000|  0%| F|  |TAMS 0x000000070d400000, 0x000000070d400000| Untracked 
| 189|0x000000070d500000, 0x000000070d500000, 0x000000070d600000|  0%| F|  |TAMS 0x000000070d500000, 0x000000070d500000| Untracked 
| 190|0x000000070d600000, 0x000000070d600000, 0x000000070d700000|  0%| F|  |TAMS 0x000000070d600000, 0x000000070d600000| Untracked 
| 191|0x000000070d700000, 0x000000070d700000, 0x000000070d800000|  0%| F|  |TAMS 0x000000070d700000, 0x000000070d700000| Untracked 
| 192|0x000000070d800000, 0x000000070d800000, 0x000000070d900000|  0%| F|  |TAMS 0x000000070d800000, 0x000000070d800000| Untracked 
| 193|0x000000070d900000, 0x000000070d900000, 0x000000070da00000|  0%| F|  |TAMS 0x000000070d900000, 0x000000070d900000| Untracked 
| 194|0x000000070da00000, 0x000000070da00000, 0x000000070db00000|  0%| F|  |TAMS 0x000000070da00000, 0x000000070da00000| Untracked 
| 195|0x000000070db00000, 0x000000070db00000, 0x000000070dc00000|  0%| F|  |TAMS 0x000000070db00000, 0x000000070db00000| Untracked 
| 196|0x000000070dc00000, 0x000000070dc00000, 0x000000070dd00000|  0%| F|  |TAMS 0x000000070dc00000, 0x000000070dc00000| Untracked 
| 197|0x000000070dd00000, 0x000000070dd00000, 0x000000070de00000|  0%| F|  |TAMS 0x000000070dd00000, 0x000000070dd00000| Untracked 
| 198|0x000000070de00000, 0x000000070de00000, 0x000000070df00000|  0%| F|  |TAMS 0x000000070de00000, 0x000000070de00000| Untracked 
| 199|0x000000070df00000, 0x000000070df00000, 0x000000070e000000|  0%| F|  |TAMS 0x000000070df00000, 0x000000070df00000| Untracked 
| 200|0x000000070e000000, 0x000000070e000000, 0x000000070e100000|  0%| F|  |TAMS 0x000000070e000000, 0x000000070e000000| Untracked 
| 201|0x000000070e100000, 0x000000070e100000, 0x000000070e200000|  0%| F|  |TAMS 0x000000070e100000, 0x000000070e100000| Untracked 
| 202|0x000000070e200000, 0x000000070e200000, 0x000000070e300000|  0%| F|  |TAMS 0x000000070e200000, 0x000000070e200000| Untracked 
| 203|0x000000070e300000, 0x000000070e300000, 0x000000070e400000|  0%| F|  |TAMS 0x000000070e300000, 0x000000070e300000| Untracked 
| 204|0x000000070e400000, 0x000000070e400000, 0x000000070e500000|  0%| F|  |TAMS 0x000000070e400000, 0x000000070e400000| Untracked 
| 205|0x000000070e500000, 0x000000070e500000, 0x000000070e600000|  0%| F|  |TAMS 0x000000070e500000, 0x000000070e500000| Untracked 
| 206|0x000000070e600000, 0x000000070e600000, 0x000000070e700000|  0%| F|  |TAMS 0x000000070e600000, 0x000000070e600000| Untracked 
| 207|0x000000070e700000, 0x000000070e700000, 0x000000070e800000|  0%| F|  |TAMS 0x000000070e700000, 0x000000070e700000| Untracked 
| 208|0x000000070e800000, 0x000000070e800000, 0x000000070e900000|  0%| F|  |TAMS 0x000000070e800000, 0x000000070e800000| Untracked 
| 209|0x000000070e900000, 0x000000070e900000, 0x000000070ea00000|  0%| F|  |TAMS 0x000000070e900000, 0x000000070e900000| Untracked 
| 210|0x000000070ea00000, 0x000000070ea00000, 0x000000070eb00000|  0%| F|  |TAMS 0x000000070ea00000, 0x000000070ea00000| Untracked 
| 211|0x000000070eb00000, 0x000000070eb00000, 0x000000070ec00000|  0%| F|  |TAMS 0x000000070eb00000, 0x000000070eb00000| Untracked 
| 212|0x000000070ec00000, 0x000000070ec00000, 0x000000070ed00000|  0%| F|  |TAMS 0x000000070ec00000, 0x000000070ec00000| Untracked 
| 213|0x000000070ed00000, 0x000000070ed00000, 0x000000070ee00000|  0%| F|  |TAMS 0x000000070ed00000, 0x000000070ed00000| Untracked 
| 214|0x000000070ee00000, 0x000000070ee00000, 0x000000070ef00000|  0%| F|  |TAMS 0x000000070ee00000, 0x000000070ee00000| Untracked 
| 215|0x000000070ef00000, 0x000000070ef00000, 0x000000070f000000|  0%| F|  |TAMS 0x000000070ef00000, 0x000000070ef00000| Untracked 
| 216|0x000000070f000000, 0x000000070f000000, 0x000000070f100000|  0%| F|  |TAMS 0x000000070f000000, 0x000000070f000000| Untracked 
| 217|0x000000070f100000, 0x000000070f100000, 0x000000070f200000|  0%| F|  |TAMS 0x000000070f100000, 0x000000070f100000| Untracked 
| 218|0x000000070f200000, 0x000000070f200000, 0x000000070f300000|  0%| F|  |TAMS 0x000000070f200000, 0x000000070f200000| Untracked 
| 219|0x000000070f300000, 0x000000070f326ca8, 0x000000070f400000| 15%| S|CS|TAMS 0x000000070f300000, 0x000000070f300000| Complete 
| 220|0x000000070f400000, 0x000000070f500000, 0x000000070f500000|100%| S|CS|TAMS 0x000000070f400000, 0x000000070f400000| Complete 
| 221|0x000000070f500000, 0x000000070f500000, 0x000000070f600000|  0%| F|  |TAMS 0x000000070f500000, 0x000000070f500000| Untracked 
| 222|0x000000070f600000, 0x000000070f600000, 0x000000070f700000|  0%| F|  |TAMS 0x000000070f600000, 0x000000070f600000| Untracked 
| 223|0x000000070f700000, 0x000000070f700000, 0x000000070f800000|  0%| F|  |TAMS 0x000000070f700000, 0x000000070f700000| Untracked 
| 224|0x000000070f800000, 0x000000070f800000, 0x000000070f900000|  0%| F|  |TAMS 0x000000070f800000, 0x000000070f800000| Untracked 
| 225|0x000000070f900000, 0x000000070f900000, 0x000000070fa00000|  0%| F|  |TAMS 0x000000070f900000, 0x000000070f900000| Untracked 
| 226|0x000000070fa00000, 0x000000070fa00000, 0x000000070fb00000|  0%| F|  |TAMS 0x000000070fa00000, 0x000000070fa00000| Untracked 
| 227|0x000000070fb00000, 0x000000070fb00000, 0x000000070fc00000|  0%| F|  |TAMS 0x000000070fb00000, 0x000000070fb00000| Untracked 
| 228|0x000000070fc00000, 0x000000070fc00000, 0x000000070fd00000|  0%| F|  |TAMS 0x000000070fc00000, 0x000000070fc00000| Untracked 
| 229|0x000000070fd00000, 0x000000070fd00000, 0x000000070fe00000|  0%| F|  |TAMS 0x000000070fd00000, 0x000000070fd00000| Untracked 
| 230|0x000000070fe00000, 0x000000070fe00000, 0x000000070ff00000|  0%| F|  |TAMS 0x000000070fe00000, 0x000000070fe00000| Untracked 
| 231|0x000000070ff00000, 0x000000070ff00000, 0x0000000710000000|  0%| F|  |TAMS 0x000000070ff00000, 0x000000070ff00000| Untracked 
| 232|0x0000000710000000, 0x0000000710000000, 0x0000000710100000|  0%| F|  |TAMS 0x0000000710000000, 0x0000000710000000| Untracked 
| 233|0x0000000710100000, 0x0000000710100000, 0x0000000710200000|  0%| F|  |TAMS 0x0000000710100000, 0x0000000710100000| Untracked 
| 234|0x0000000710200000, 0x0000000710200000, 0x0000000710300000|  0%| F|  |TAMS 0x0000000710200000, 0x0000000710200000| Untracked 
| 235|0x0000000710300000, 0x0000000710300000, 0x0000000710400000|  0%| F|  |TAMS 0x0000000710300000, 0x0000000710300000| Untracked 
| 236|0x0000000710400000, 0x0000000710400000, 0x0000000710500000|  0%| F|  |TAMS 0x0000000710400000, 0x0000000710400000| Untracked 
| 237|0x0000000710500000, 0x0000000710500000, 0x0000000710600000|  0%| F|  |TAMS 0x0000000710500000, 0x0000000710500000| Untracked 
| 238|0x0000000710600000, 0x0000000710600000, 0x0000000710700000|  0%| F|  |TAMS 0x0000000710600000, 0x0000000710600000| Untracked 
| 239|0x0000000710700000, 0x0000000710700000, 0x0000000710800000|  0%| F|  |TAMS 0x0000000710700000, 0x0000000710700000| Untracked 
| 240|0x0000000710800000, 0x0000000710800000, 0x0000000710900000|  0%| F|  |TAMS 0x0000000710800000, 0x0000000710800000| Untracked 
| 241|0x0000000710900000, 0x0000000710900000, 0x0000000710a00000|  0%| F|  |TAMS 0x0000000710900000, 0x0000000710900000| Untracked 
| 242|0x0000000710a00000, 0x0000000710a00000, 0x0000000710b00000|  0%| F|  |TAMS 0x0000000710a00000, 0x0000000710a00000| Untracked 
| 243|0x0000000710b00000, 0x0000000710b00000, 0x0000000710c00000|  0%| F|  |TAMS 0x0000000710b00000, 0x0000000710b00000| Untracked 
| 244|0x0000000710c00000, 0x0000000710c00000, 0x0000000710d00000|  0%| F|  |TAMS 0x0000000710c00000, 0x0000000710c00000| Untracked 
| 245|0x0000000710d00000, 0x0000000710d00000, 0x0000000710e00000|  0%| F|  |TAMS 0x0000000710d00000, 0x0000000710d00000| Untracked 
| 246|0x0000000710e00000, 0x0000000710e00000, 0x0000000710f00000|  0%| F|  |TAMS 0x0000000710e00000, 0x0000000710e00000| Untracked 
| 247|0x0000000710f00000, 0x0000000710f00000, 0x0000000711000000|  0%| F|  |TAMS 0x0000000710f00000, 0x0000000710f00000| Untracked 
| 248|0x0000000711000000, 0x0000000711000000, 0x0000000711100000|  0%| F|  |TAMS 0x0000000711000000, 0x0000000711000000| Untracked 
| 249|0x0000000711100000, 0x0000000711100000, 0x0000000711200000|  0%| F|  |TAMS 0x0000000711100000, 0x0000000711100000| Untracked 
| 250|0x0000000711200000, 0x0000000711200000, 0x0000000711300000|  0%| F|  |TAMS 0x0000000711200000, 0x0000000711200000| Untracked 
| 251|0x0000000711300000, 0x0000000711300000, 0x0000000711400000|  0%| F|  |TAMS 0x0000000711300000, 0x0000000711300000| Untracked 
| 252|0x0000000711400000, 0x0000000711400000, 0x0000000711500000|  0%| F|  |TAMS 0x0000000711400000, 0x0000000711400000| Untracked 
| 253|0x0000000711500000, 0x0000000711500000, 0x0000000711600000|  0%| F|  |TAMS 0x0000000711500000, 0x0000000711500000| Untracked 
| 254|0x0000000711600000, 0x0000000711600000, 0x0000000711700000|  0%| F|  |TAMS 0x0000000711600000, 0x0000000711600000| Untracked 
| 255|0x0000000711700000, 0x0000000711700000, 0x0000000711800000|  0%| F|  |TAMS 0x0000000711700000, 0x0000000711700000| Untracked 
| 256|0x0000000711800000, 0x0000000711800000, 0x0000000711900000|  0%| F|  |TAMS 0x0000000711800000, 0x0000000711800000| Untracked 
| 257|0x0000000711900000, 0x0000000711900000, 0x0000000711a00000|  0%| F|  |TAMS 0x0000000711900000, 0x0000000711900000| Untracked 
| 258|0x0000000711a00000, 0x0000000711a00000, 0x0000000711b00000|  0%| F|  |TAMS 0x0000000711a00000, 0x0000000711a00000| Untracked 
| 259|0x0000000711b00000, 0x0000000711b00000, 0x0000000711c00000|  0%| F|  |TAMS 0x0000000711b00000, 0x0000000711b00000| Untracked 
| 260|0x0000000711c00000, 0x0000000711c00000, 0x0000000711d00000|  0%| F|  |TAMS 0x0000000711c00000, 0x0000000711c00000| Untracked 
| 261|0x0000000711d00000, 0x0000000711d00000, 0x0000000711e00000|  0%| F|  |TAMS 0x0000000711d00000, 0x0000000711d00000| Untracked 
| 262|0x0000000711e00000, 0x0000000711e00000, 0x0000000711f00000|  0%| F|  |TAMS 0x0000000711e00000, 0x0000000711e00000| Untracked 
| 263|0x0000000711f00000, 0x0000000711f00000, 0x0000000712000000|  0%| F|  |TAMS 0x0000000711f00000, 0x0000000711f00000| Untracked 
| 264|0x0000000712000000, 0x0000000712000000, 0x0000000712100000|  0%| F|  |TAMS 0x0000000712000000, 0x0000000712000000| Untracked 
| 265|0x0000000712100000, 0x0000000712100000, 0x0000000712200000|  0%| F|  |TAMS 0x0000000712100000, 0x0000000712100000| Untracked 
| 266|0x0000000712200000, 0x0000000712200000, 0x0000000712300000|  0%| F|  |TAMS 0x0000000712200000, 0x0000000712200000| Untracked 
| 267|0x0000000712300000, 0x0000000712300000, 0x0000000712400000|  0%| F|  |TAMS 0x0000000712300000, 0x0000000712300000| Untracked 
| 268|0x0000000712400000, 0x0000000712400000, 0x0000000712500000|  0%| F|  |TAMS 0x0000000712400000, 0x0000000712400000| Untracked 
| 269|0x0000000712500000, 0x0000000712500000, 0x0000000712600000|  0%| F|  |TAMS 0x0000000712500000, 0x0000000712500000| Untracked 
| 270|0x0000000712600000, 0x0000000712600000, 0x0000000712700000|  0%| F|  |TAMS 0x0000000712600000, 0x0000000712600000| Untracked 
| 271|0x0000000712700000, 0x0000000712700000, 0x0000000712800000|  0%| F|  |TAMS 0x0000000712700000, 0x0000000712700000| Untracked 
| 272|0x0000000712800000, 0x0000000712800000, 0x0000000712900000|  0%| F|  |TAMS 0x0000000712800000, 0x0000000712800000| Untracked 
| 273|0x0000000712900000, 0x0000000712900000, 0x0000000712a00000|  0%| F|  |TAMS 0x0000000712900000, 0x0000000712900000| Untracked 
| 274|0x0000000712a00000, 0x0000000712b00000, 0x0000000712b00000|100%| E|  |TAMS 0x0000000712a00000, 0x0000000712a00000| Complete 
| 275|0x0000000712b00000, 0x0000000712c00000, 0x0000000712c00000|100%| E|CS|TAMS 0x0000000712b00000, 0x0000000712b00000| Complete 
| 276|0x0000000712c00000, 0x0000000712d00000, 0x0000000712d00000|100%| E|CS|TAMS 0x0000000712c00000, 0x0000000712c00000| Complete 
| 277|0x0000000712d00000, 0x0000000712e00000, 0x0000000712e00000|100%| E|CS|TAMS 0x0000000712d00000, 0x0000000712d00000| Complete 
| 278|0x0000000712e00000, 0x0000000712f00000, 0x0000000712f00000|100%| E|CS|TAMS 0x0000000712e00000, 0x0000000712e00000| Complete 
| 279|0x0000000712f00000, 0x0000000713000000, 0x0000000713000000|100%| E|CS|TAMS 0x0000000712f00000, 0x0000000712f00000| Complete 
| 280|0x0000000713000000, 0x0000000713100000, 0x0000000713100000|100%| E|CS|TAMS 0x0000000713000000, 0x0000000713000000| Complete 
| 281|0x0000000713100000, 0x0000000713200000, 0x0000000713200000|100%| E|CS|TAMS 0x0000000713100000, 0x0000000713100000| Complete 
| 282|0x0000000713200000, 0x0000000713300000, 0x0000000713300000|100%| E|CS|TAMS 0x0000000713200000, 0x0000000713200000| Complete 
| 283|0x0000000713300000, 0x0000000713400000, 0x0000000713400000|100%| E|CS|TAMS 0x0000000713300000, 0x0000000713300000| Complete 
| 284|0x0000000713400000, 0x0000000713500000, 0x0000000713500000|100%| E|CS|TAMS 0x0000000713400000, 0x0000000713400000| Complete 
| 285|0x0000000713500000, 0x0000000713600000, 0x0000000713600000|100%| E|CS|TAMS 0x0000000713500000, 0x0000000713500000| Complete 
| 286|0x0000000713600000, 0x0000000713700000, 0x0000000713700000|100%| E|CS|TAMS 0x0000000713600000, 0x0000000713600000| Complete 
| 287|0x0000000713700000, 0x0000000713800000, 0x0000000713800000|100%| E|CS|TAMS 0x0000000713700000, 0x0000000713700000| Complete 
| 288|0x0000000713800000, 0x0000000713900000, 0x0000000713900000|100%| E|CS|TAMS 0x0000000713800000, 0x0000000713800000| Complete 
| 289|0x0000000713900000, 0x0000000713a00000, 0x0000000713a00000|100%| E|CS|TAMS 0x0000000713900000, 0x0000000713900000| Complete 
| 290|0x0000000713a00000, 0x0000000713b00000, 0x0000000713b00000|100%| E|CS|TAMS 0x0000000713a00000, 0x0000000713a00000| Complete 
| 291|0x0000000713b00000, 0x0000000713c00000, 0x0000000713c00000|100%| E|CS|TAMS 0x0000000713b00000, 0x0000000713b00000| Complete 
| 292|0x0000000713c00000, 0x0000000713d00000, 0x0000000713d00000|100%| E|CS|TAMS 0x0000000713c00000, 0x0000000713c00000| Complete 
| 293|0x0000000713d00000, 0x0000000713e00000, 0x0000000713e00000|100%| E|CS|TAMS 0x0000000713d00000, 0x0000000713d00000| Complete 
| 294|0x0000000713e00000, 0x0000000713f00000, 0x0000000713f00000|100%| E|CS|TAMS 0x0000000713e00000, 0x0000000713e00000| Complete 
| 295|0x0000000713f00000, 0x0000000714000000, 0x0000000714000000|100%| E|CS|TAMS 0x0000000713f00000, 0x0000000713f00000| Complete 
| 296|0x0000000714000000, 0x0000000714100000, 0x0000000714100000|100%| E|CS|TAMS 0x0000000714000000, 0x0000000714000000| Complete 
| 297|0x0000000714100000, 0x0000000714200000, 0x0000000714200000|100%| E|CS|TAMS 0x0000000714100000, 0x0000000714100000| Complete 
| 298|0x0000000714200000, 0x0000000714300000, 0x0000000714300000|100%| E|CS|TAMS 0x0000000714200000, 0x0000000714200000| Complete 
| 299|0x0000000714300000, 0x0000000714400000, 0x0000000714400000|100%| E|CS|TAMS 0x0000000714300000, 0x0000000714300000| Complete 
| 300|0x0000000714400000, 0x0000000714500000, 0x0000000714500000|100%| E|CS|TAMS 0x0000000714400000, 0x0000000714400000| Complete 
| 301|0x0000000714500000, 0x0000000714600000, 0x0000000714600000|100%| E|CS|TAMS 0x0000000714500000, 0x0000000714500000| Complete 
| 302|0x0000000714600000, 0x0000000714700000, 0x0000000714700000|100%| E|CS|TAMS 0x0000000714600000, 0x0000000714600000| Complete 
| 303|0x0000000714700000, 0x0000000714800000, 0x0000000714800000|100%| E|CS|TAMS 0x0000000714700000, 0x0000000714700000| Complete 
| 304|0x0000000714800000, 0x0000000714900000, 0x0000000714900000|100%| E|CS|TAMS 0x0000000714800000, 0x0000000714800000| Complete 
| 305|0x0000000714900000, 0x0000000714a00000, 0x0000000714a00000|100%| E|CS|TAMS 0x0000000714900000, 0x0000000714900000| Complete 
| 306|0x0000000714a00000, 0x0000000714b00000, 0x0000000714b00000|100%| E|CS|TAMS 0x0000000714a00000, 0x0000000714a00000| Complete 
| 307|0x0000000714b00000, 0x0000000714c00000, 0x0000000714c00000|100%| E|CS|TAMS 0x0000000714b00000, 0x0000000714b00000| Complete 

Card table byte_map: [0x000000001ac20000,0x000000001b420000] _byte_map_base: 0x0000000017414000

Marking Bits (Prev, Next): (CMBitMap*) 0x0000000000402bb0, (CMBitMap*) 0x0000000000402b78
 Prev Bits: [0x000000001fbc0000, 0x0000000023b60000)
 Next Bits: [0x000000001bc20000, 0x000000001fbc0000)

Polling page: 0x0000000001f50000

Metaspace:

Usage:
  Non-class:     20.06 MB capacity,    19.75 MB ( 98%) used,   253.89 KB (  1%) free+waste,    59.13 KB ( <1%) overhead. 
      Class:      2.51 MB capacity,     2.29 MB ( 91%) used,   201.16 KB (  8%) free+waste,    27.75 KB (  1%) overhead. 
       Both:     22.58 MB capacity,    22.05 MB ( 98%) used,   455.05 KB (  2%) free+waste,    86.88 KB ( <1%) overhead. 

Virtual space:
  Non-class space:       22.00 MB reserved,      20.17 MB ( 92%) committed 
      Class space:        1.00 GB reserved,       2.63 MB ( <1%) committed 
             Both:        1.02 GB reserved,      22.80 MB (  2%) committed 

Chunk freelists:
   Non-Class:  50.00 KB
       Class:  0 bytes
        Both:  50.00 KB

MaxMetaspaceSize: 17179869184.00 GB
CompressedClassSpaceSize: 1.00 GB
Initial GC threshold: 20.80 MB
Current GC threshold: 35.08 MB
CDS: off

CodeHeap 'non-profiled nmethods': size=120064Kb used=1108Kb max_used=1108Kb free=118955Kb
 bounds [0x0000000012930000, 0x0000000012ba0000, 0x0000000019e70000]
CodeHeap 'profiled nmethods': size=120000Kb used=5452Kb max_used=5452Kb free=114547Kb
 bounds [0x000000000b400000, 0x000000000b960000, 0x0000000012930000]
CodeHeap 'non-nmethods': size=5696Kb used=1208Kb max_used=1245Kb free=4487Kb
 bounds [0x000000000ae70000, 0x000000000b0e0000, 0x000000000b400000]
 total_blobs=3161 nmethods=2685 adapters=388
 compilation: enabled
              stopped_count=0, restarted_count=0
 full_count=0

Compilation events (20 events):
Event: 29.674 Thread 0x0000000026832000 2681       3       java.util.Calendar::isFieldSet (14 bytes)
Event: 29.674 Thread 0x0000000026832000 nmethod 2681 0x000000000b94c990 code [0x000000000b94cb40, 0x000000000b94cc98]
Event: 29.674 Thread 0x0000000026832000 2680       3       java.net.URL::openStream (8 bytes)
Event: 29.674 Thread 0x0000000026832000 nmethod 2680 0x000000000b94cd10 code [0x000000000b94cee0, 0x000000000b94d1d8]
Event: 29.674 Thread 0x0000000026832000 2682       3       java.lang.Class::resolveName (84 bytes)
Event: 29.675 Thread 0x0000000026832000 nmethod 2682 0x000000000b94d310 code [0x000000000b94d600, 0x000000000b94e318]
Event: 29.677 Thread 0x0000000026832000 2683   !   3       java.lang.ClassLoader::getResourceAsStream (27 bytes)
Event: 29.677 Thread 0x0000000026832000 nmethod 2683 0x000000000b94e810 code [0x000000000b94ea20, 0x000000000b94f038]
Event: 29.677 Thread 0x0000000026832000 2684       3       io.github.bonigarcia.wdm.config.ConfigKey::reset (9 bytes)
Event: 29.677 Thread 0x0000000026832000 nmethod 2684 0x000000000b94f290 code [0x000000000b94f440, 0x000000000b94f598]
Event: 29.677 Thread 0x0000000026832000 2685       3       sun.net.util.IPAddressUtil::match (50 bytes)
Event: 29.677 Thread 0x0000000026832000 nmethod 2685 0x000000000b94f610 code [0x000000000b94f7c0, 0x000000000b94fa38]
Event: 29.678 Thread 0x0000000026832000 2686       3       jdk.internal.reflect.ReflectionFactory::newConstructorAccessor (154 bytes)
Event: 29.679 Thread 0x0000000026832000 nmethod 2686 0x000000000b94fb10 code [0x000000000b94fec0, 0x000000000b951958]
Event: 29.679 Thread 0x0000000026832000 2688       3       jdk.internal.reflect.ClassFileAssembler::emitConstantPoolMethodref (28 bytes)
Event: 29.679 Thread 0x0000000026832000 nmethod 2688 0x000000000b952210 code [0x000000000b952460, 0x000000000b952b48]
Event: 29.679 Thread 0x0000000026832000 2687       3       java.lang.reflect.Constructor::getRoot (5 bytes)
Event: 29.680 Thread 0x0000000026832000 nmethod 2687 0x000000000b952f10 code [0x000000000b9530c0, 0x000000000b9531d8]
Event: 29.685 Thread 0x00000000274ed800 nmethod 2668% 0x0000000012a43a90 code [0x0000000012a43cc0, 0x0000000012a44aa0]
Event: 29.685 Thread 0x00000000274ed800 2671   !   4       sun.nio.fs.WindowsPath::initOffsets (153 bytes)

GC Heap History (10 events):
Event: 0.547 GC heap before
{Heap before GC invocations=0 (full 0):
 garbage-first heap   total 262144K, used 14336K [0x0000000701800000, 0x0000000800000000)
  region size 1024K, 14 young (14336K), 0 survivors (0K)
 Metaspace       used 12113K, capacity 12382K, committed 12544K, reserved 1060864K
  class space    used 1119K, capacity 1224K, committed 1280K, reserved 1048576K
}
Event: 0.551 GC heap after
{Heap after GC invocations=1 (full 0):
 garbage-first heap   total 262144K, used 4157K [0x0000000701800000, 0x0000000800000000)
  region size 1024K, 2 young (2048K), 2 survivors (2048K)
 Metaspace       used 12113K, capacity 12382K, committed 12544K, reserved 1060864K
  class space    used 1119K, capacity 1224K, committed 1280K, reserved 1048576K
}
Event: 0.763 GC heap before
{Heap before GC invocations=1 (full 0):
 garbage-first heap   total 262144K, used 14397K [0x0000000701800000, 0x0000000800000000)
  region size 1024K, 12 young (12288K), 2 survivors (2048K)
 Metaspace       used 14190K, capacity 14359K, committed 14592K, reserved 1062912K
  class space    used 1373K, capacity 1437K, committed 1536K, reserved 1048576K
}
Event: 0.765 GC heap after
{Heap after GC invocations=2 (full 0):
 garbage-first heap   total 262144K, used 6029K [0x0000000701800000, 0x0000000800000000)
  region size 1024K, 2 young (2048K), 2 survivors (2048K)
 Metaspace       used 14190K, capacity 14359K, committed 14592K, reserved 1062912K
  class space    used 1373K, capacity 1437K, committed 1536K, reserved 1048576K
}
Event: 1.674 GC heap before
{Heap before GC invocations=2 (full 0):
 garbage-first heap   total 262144K, used 32653K [0x0000000701800000, 0x0000000800000000)
  region size 1024K, 28 young (28672K), 2 survivors (2048K)
 Metaspace       used 19872K, capacity 20321K, committed 20480K, reserved 1067008K
  class space    used 2087K, capacity 2249K, committed 2304K, reserved 1048576K
}
Event: 1.680 GC heap after
{Heap after GC invocations=3 (full 0):
 garbage-first heap   total 262144K, used 8700K [0x0000000701800000, 0x0000000800000000)
  region size 1024K, 4 young (4096K), 4 survivors (4096K)
 Metaspace       used 19872K, capacity 20321K, committed 20480K, reserved 1067008K
  class space    used 2087K, capacity 2249K, committed 2304K, reserved 1048576K
}
Event: 1.727 GC heap before
{Heap before GC invocations=3 (full 0):
 garbage-first heap   total 262144K, used 11772K [0x0000000701800000, 0x0000000800000000)
  region size 1024K, 8 young (8192K), 4 survivors (4096K)
 Metaspace       used 20677K, capacity 21177K, committed 21296K, reserved 1069056K
  class space    used 2177K, capacity 2385K, committed 2432K, reserved 1048576K
}
Event: 1.731 GC heap after
{Heap after GC invocations=4 (full 0):
 garbage-first heap   total 262144K, used 9294K [0x0000000701800000, 0x0000000800000000)
  region size 1024K, 3 young (3072K), 3 survivors (3072K)
 Metaspace       used 20677K, capacity 21177K, committed 21296K, reserved 1069056K
  class space    used 2177K, capacity 2385K, committed 2432K, reserved 1048576K
}
Event: 12.733 GC heap before
{Heap before GC invocations=5 (full 0):
 garbage-first heap   total 262144K, used 42062K [0x0000000701800000, 0x0000000800000000)
  region size 1024K, 35 young (35840K), 3 survivors (3072K)
 Metaspace       used 22216K, capacity 22750K, committed 22960K, reserved 1069056K
  class space    used 2329K, capacity 2524K, committed 2560K, reserved 1048576K
}
Event: 12.738 GC heap after
{Heap after GC invocations=6 (full 0):
 garbage-first heap   total 315392K, used 9951K [0x0000000701800000, 0x0000000800000000)
  region size 1024K, 2 young (2048K), 2 survivors (2048K)
 Metaspace       used 22216K, capacity 22750K, committed 22960K, reserved 1069056K
  class space    used 2329K, capacity 2524K, committed 2560K, reserved 1048576K
}

Deoptimization events (20 events):
Event: 16.642 Thread 0x000000000039c000 DEOPT PACKING pc=0x000000000b6b94cb sp=0x00000000022bd2b0
Event: 16.642 Thread 0x000000000039c000 DEOPT UNPACKING pc=0x000000000aeba95e sp=0x00000000022bc7f0 mode 0
Event: 16.643 Thread 0x000000000039c000 DEOPT PACKING pc=0x000000000b860666 sp=0x00000000022bd820
Event: 16.643 Thread 0x000000000039c000 DEOPT UNPACKING pc=0x000000000aeba95e sp=0x00000000022bccd8 mode 0
Event: 16.646 Thread 0x000000000039c000 DEOPT PACKING pc=0x000000000b860666 sp=0x00000000022bda20
Event: 16.646 Thread 0x000000000039c000 DEOPT UNPACKING pc=0x000000000aeba95e sp=0x00000000022bced8 mode 0
Event: 18.464 Thread 0x000000000039c000 Uncommon trap: trap_request=0xffffffbe fr.pc=0x0000000012a0e8c8 relative=0x0000000000000b68
Event: 18.464 Thread 0x000000000039c000 Uncommon trap: reason=profile_predicate action=maybe_recompile pc=0x0000000012a0e8c8 method=java.lang.StringUTF16.putCharsSB([BILjava/lang/CharSequence;II)V @ 18 c2
Event: 18.464 Thread 0x000000000039c000 DEOPT PACKING pc=0x0000000012a0e8c8 sp=0x00000000022bd270
Event: 18.464 Thread 0x000000000039c000 DEOPT UNPACKING pc=0x000000000aeba1af sp=0x00000000022bd110 mode 2
Event: 22.013 Thread 0x000000000039c000 DEOPT PACKING pc=0x000000000b543736 sp=0x00000000022bd2a0
Event: 22.013 Thread 0x000000000039c000 DEOPT UNPACKING pc=0x000000000aeba95e sp=0x00000000022bc888 mode 0
Event: 22.015 Thread 0x000000000039c000 DEOPT PACKING pc=0x000000000b6b94cb sp=0x00000000022bd240
Event: 22.015 Thread 0x000000000039c000 DEOPT UNPACKING pc=0x000000000aeba95e sp=0x00000000022bc780 mode 0
Event: 22.019 Thread 0x000000000039c000 DEOPT PACKING pc=0x000000000b543736 sp=0x00000000022bd120
Event: 22.019 Thread 0x000000000039c000 DEOPT UNPACKING pc=0x000000000aeba95e sp=0x00000000022bc708 mode 0
Event: 29.664 Thread 0x000000000039c000 Uncommon trap: trap_request=0xffffffcc fr.pc=0x0000000012a3ea90 relative=0x00000000000011d0
Event: 29.665 Thread 0x000000000039c000 Uncommon trap: reason=intrinsic_or_type_checked_inlining action=make_not_entrant pc=0x0000000012a3ea90 method=java.util.ArrayList.toArray([Ljava/lang/Object;)[Ljava/lang/Object; @ 36 c2
Event: 29.665 Thread 0x000000000039c000 DEOPT PACKING pc=0x0000000012a3ea90 sp=0x00000000022bd270
Event: 29.665 Thread 0x000000000039c000 DEOPT UNPACKING pc=0x000000000aeba1af sp=0x00000000022bd1c8 mode 2

Classes redefined (0 events):
No events

Internal exceptions (20 events):
Event: 21.859 Thread 0x000000000039c000 Exception <a 'java/net/SocketTimeoutException'{0x0000000713a41fe8}: Read timed out> (0x0000000713a41fe8) thrown at [./src/hotspot/share/prims/jni.cpp, line 638]
Event: 21.893 Thread 0x000000000039c000 Exception <a 'java/net/SocketTimeoutException'{0x0000000713a589c8}: Read timed out> (0x0000000713a589c8) thrown at [./src/hotspot/share/prims/jni.cpp, line 638]
Event: 21.933 Thread 0x000000000039c000 Exception <a 'java/net/SocketTimeoutException'{0x0000000713a6af58}: Read timed out> (0x0000000713a6af58) thrown at [./src/hotspot/share/prims/jni.cpp, line 638]
Event: 21.951 Thread 0x000000000039c000 Exception <a 'java/net/SocketTimeoutException'{0x00000007137bd5d0}: Read timed out> (0x00000007137bd5d0) thrown at [./src/hotspot/share/prims/jni.cpp, line 638]
Event: 21.964 Thread 0x000000000039c000 Exception <a 'java/net/SocketTimeoutException'{0x00000007137cf2c0}: Read timed out> (0x00000007137cf2c0) thrown at [./src/hotspot/share/prims/jni.cpp, line 638]
Event: 21.974 Thread 0x000000000039c000 Exception <a 'java/net/SocketTimeoutException'{0x00000007134fabd8}: Read timed out> (0x00000007134fabd8) thrown at [./src/hotspot/share/prims/jni.cpp, line 638]
Event: 21.988 Thread 0x000000000039c000 Exception <a 'java/net/SocketTimeoutException'{0x00000007133310b0}: Read timed out> (0x00000007133310b0) thrown at [./src/hotspot/share/prims/jni.cpp, line 638]
Event: 22.008 Thread 0x000000000039c000 Exception <a 'java/lang/NullPointerException'{0x0000000713344aa0}> (0x0000000713344aa0) thrown at [./src/hotspot/share/interpreter/linkResolver.cpp, line 1440]
Event: 22.008 Thread 0x000000000039c000 Exception <a 'java/lang/reflect/InvocationTargetException'{0x0000000713345018}> (0x0000000713345018) thrown at [./src/hotspot/share/runtime/reflection.cpp, line 1247]
Event: 22.945 Thread 0x000000000039c000 Exception <a 'java/lang/ClassNotFoundException'{0x0000000713085918}: sun/misc/SharedSecrets> (0x0000000713085918) thrown at [./src/hotspot/share/classfile/systemDictionary.cpp, line 230]
Event: 22.945 Thread 0x000000000039c000 Exception <a 'java/lang/reflect/InvocationTargetException'{0x0000000713086138}> (0x0000000713086138) thrown at [./src/hotspot/share/runtime/reflection.cpp, line 1247]
Event: 22.945 Thread 0x000000000039c000 Exception <a 'java/lang/NullPointerException'{0x0000000713086760}> (0x0000000713086760) thrown at [./src/hotspot/share/interpreter/linkResolver.cpp, line 1440]
Event: 22.945 Thread 0x000000000039c000 Exception <a 'java/lang/reflect/InvocationTargetException'{0x0000000713086cd8}> (0x0000000713086cd8) thrown at [./src/hotspot/share/runtime/reflection.cpp, line 1247]
Event: 23.473 Thread 0x00000000295b6000 Exception <a 'java/net/SocketTimeoutException'{0x0000000714627b28}: connect timed out> (0x0000000714627b28) thrown at [./src/hotspot/share/prims/jni.cpp, line 638]
Event: 24.586 Thread 0x000000000039c000 Exception <a 'java/net/SocketTimeoutException'{0x0000000712dfcfa0}: Read timed out> (0x0000000712dfcfa0) thrown at [./src/hotspot/share/prims/jni.cpp, line 638]
Event: 24.592 Thread 0x000000000039c000 Exception <a 'java/net/SocketTimeoutException'{0x0000000712c12438}: Read timed out> (0x0000000712c12438) thrown at [./src/hotspot/share/prims/jni.cpp, line 638]
Event: 24.623 Thread 0x000000000039c000 Exception <a 'java/net/SocketTimeoutException'{0x0000000712c24370}: Read timed out> (0x0000000712c24370) thrown at [./src/hotspot/share/prims/jni.cpp, line 638]
Event: 29.662 Thread 0x000000000039c000 Exception <a 'java/lang/reflect/InvocationTargetException'{0x0000000712c56280}> (0x0000000712c56280) thrown at [./src/hotspot/share/runtime/reflection.cpp, line 1247]
Event: 29.662 Thread 0x000000000039c000 Exception <a 'java/lang/NullPointerException'{0x0000000712c568a8}> (0x0000000712c568a8) thrown at [./src/hotspot/share/interpreter/linkResolver.cpp, line 1440]
Event: 29.662 Thread 0x000000000039c000 Exception <a 'java/lang/reflect/InvocationTargetException'{0x0000000712c56e20}> (0x0000000712c56e20) thrown at [./src/hotspot/share/runtime/reflection.cpp, line 1247]

Events (20 events):
Event: 27.517 Executing VM operation: RevokeBias
Event: 27.517 Executing VM operation: RevokeBias done
Event: 27.517 Executing VM operation: RevokeBias
Event: 27.518 Executing VM operation: RevokeBias done
Event: 27.518 Thread 0x0000000028e71000 Thread exited: 0x0000000028e71000
Event: 29.659 loading class org/openqa/selenium/AbstractCapabilities
Event: 29.659 loading class org/openqa/selenium/AbstractCapabilities done
Event: 29.660 Executing VM operation: RevokeBias
Event: 29.660 Executing VM operation: RevokeBias done
Event: 29.661 loading class java/util/stream/SortedOps$SizedRefSortingSink
Event: 29.661 loading class java/util/stream/SortedOps$SizedRefSortingSink done
Event: 29.661 loading class org/openqa/selenium/Proxy$1
Event: 29.661 loading class org/openqa/selenium/Proxy$1 done
Event: 29.665 Executing VM operation: RevokeBias
Event: 29.665 Executing VM operation: RevokeBias done
Event: 29.679 Thread 0x0000000028e71000 Thread added: 0x0000000028e71000
Event: 29.679 Executing VM operation: RevokeBias
Event: 29.679 Executing VM operation: RevokeBias done
Event: 29.680 Thread 0x0000000028e76800 Thread added: 0x0000000028e76800
Event: 29.680 Thread 0x0000000028e77800 Thread added: 0x0000000028e77800


Dynamic libraries:
0x000000013f770000 - 0x000000013f77d000 	C:\Program Files\Amazon Corretto\jdk11.0.17_8\bin\java.exe
0x00000000771a0000 - 0x000000007733f000 	C:\Windows\SYSTEM32\ntdll.dll
0x0000000076f80000 - 0x000000007709f000 	C:\Windows\system32\kernel32.dll
0x000007fefcf90000 - 0x000007fefcff7000 	C:\Windows\system32\KERNELBASE.dll
0x000007feebdc0000 - 0x000007feebdd7000 	C:\Program Files\Amazon Corretto\jdk11.0.17_8\bin\jli.dll
0x000007fefad90000 - 0x000007fefaf85000 	C:\Windows\WinSxS\amd64_microsoft.windows.common-controls_6595b64144ccf1df_6.0.7601.24483_none_e372d88f30fbb845\COMCTL32.dll
0x000007fefd9f0000 - 0x000007fefda8f000 	C:\Windows\system32\msvcrt.dll
0x000007feff210000 - 0x000007feff277000 	C:\Windows\system32\GDI32.dll
0x00000000770a0000 - 0x000000007719a000 	C:\Windows\system32\USER32.dll
0x000007fefddf0000 - 0x000007fefddfe000 	C:\Windows\system32\LPK.dll
0x000007fefde20000 - 0x000007fefdeeb000 	C:\Windows\system32\USP10.dll
0x000007fefdd70000 - 0x000007fefdde1000 	C:\Windows\system32\SHLWAPI.dll
0x000007feebda0000 - 0x000007feebdb9000 	C:\Program Files\Amazon Corretto\jdk11.0.17_8\bin\VCRUNTIME140.dll
0x000007feea790000 - 0x000007feea794000 	C:\Program Files\Amazon Corretto\jdk11.0.17_8\bin\api-ms-win-crt-runtime-l1-1-0.dll
0x000007fede7c0000 - 0x000007fede8bc000 	C:\Program Files\Amazon Corretto\jdk11.0.17_8\bin\ucrtbase.DLL
0x000007feea780000 - 0x000007feea783000 	C:\Program Files\Amazon Corretto\jdk11.0.17_8\bin\api-ms-win-core-localization-l1-2-0.dll
0x000007feea770000 - 0x000007feea773000 	C:\Program Files\Amazon Corretto\jdk11.0.17_8\bin\api-ms-win-core-processthreads-l1-1-1.dll
0x000007feea760000 - 0x000007feea763000 	C:\Program Files\Amazon Corretto\jdk11.0.17_8\bin\api-ms-win-core-file-l1-2-0.dll
0x000007feea740000 - 0x000007feea743000 	C:\Program Files\Amazon Corretto\jdk11.0.17_8\bin\api-ms-win-core-timezone-l1-1-0.dll
0x000007feea730000 - 0x000007feea733000 	C:\Program Files\Amazon Corretto\jdk11.0.17_8\bin\api-ms-win-core-file-l2-1-0.dll
0x000007feea720000 - 0x000007feea723000 	C:\Program Files\Amazon Corretto\jdk11.0.17_8\bin\api-ms-win-core-synch-l1-2-0.dll
0x000007feea710000 - 0x000007feea713000 	C:\Program Files\Amazon Corretto\jdk11.0.17_8\bin\api-ms-win-crt-heap-l1-1-0.dll
0x000007feea700000 - 0x000007feea704000 	C:\Program Files\Amazon Corretto\jdk11.0.17_8\bin\api-ms-win-crt-string-l1-1-0.dll
0x000007feea6f0000 - 0x000007feea6f4000 	C:\Program Files\Amazon Corretto\jdk11.0.17_8\bin\api-ms-win-crt-stdio-l1-1-0.dll
0x000007feea6e0000 - 0x000007feea6e4000 	C:\Program Files\Amazon Corretto\jdk11.0.17_8\bin\api-ms-win-crt-convert-l1-1-0.dll
0x000007feea6d0000 - 0x000007feea6d3000 	C:\Program Files\Amazon Corretto\jdk11.0.17_8\bin\api-ms-win-crt-environment-l1-1-0.dll
0x000007feea300000 - 0x000007feea303000 	C:\Program Files\Amazon Corretto\jdk11.0.17_8\bin\api-ms-win-crt-filesystem-l1-1-0.dll
0x000007feea140000 - 0x000007feea145000 	C:\Program Files\Amazon Corretto\jdk11.0.17_8\bin\api-ms-win-crt-math-l1-1-0.dll
0x000007feea130000 - 0x000007feea133000 	C:\Program Files\Amazon Corretto\jdk11.0.17_8\bin\api-ms-win-crt-locale-l1-1-0.dll
0x000007fefd260000 - 0x000007fefd28e000 	C:\Windows\system32\IMM32.DLL
0x000007fefd0b0000 - 0x000007fefd1bb000 	C:\Windows\system32\MSCTF.dll
0x000007fedfbe0000 - 0x000007fedfc7b000 	C:\Program Files\Amazon Corretto\jdk11.0.17_8\bin\msvcp140.dll
0x000007feea120000 - 0x000007feea123000 	C:\Program Files\Amazon Corretto\jdk11.0.17_8\bin\api-ms-win-crt-time-l1-1-0.dll
0x000007feea110000 - 0x000007feea113000 	C:\Program Files\Amazon Corretto\jdk11.0.17_8\bin\api-ms-win-crt-utility-l1-1-0.dll
0x000007fed6b00000 - 0x000007fed7685000 	C:\Program Files\Amazon Corretto\jdk11.0.17_8\bin\server\jvm.dll
0x000007fefda90000 - 0x000007fefdb6b000 	C:\Windows\system32\ADVAPI32.dll
0x000007fefde00000 - 0x000007fefde1f000 	C:\Windows\SYSTEM32\sechost.dll
0x000007fefd290000 - 0x000007fefd3bc000 	C:\Windows\system32\RPCRT4.dll
0x000007fefa9d0000 - 0x000007fefa9d9000 	C:\Windows\system32\WSOCK32.dll
0x000007fefe400000 - 0x000007fefe44d000 	C:\Windows\system32\WS2_32.dll
0x000007feff200000 - 0x000007feff208000 	C:\Windows\system32\NSI.dll
0x000007fef84e0000 - 0x000007fef851b000 	C:\Windows\system32\WINMM.dll
0x000007fefbf10000 - 0x000007fefbf1c000 	C:\Windows\system32\VERSION.dll
0x0000000077340000 - 0x0000000077347000 	C:\Windows\system32\PSAPI.DLL
0x000007feea100000 - 0x000007feea110000 	C:\Program Files\Amazon Corretto\jdk11.0.17_8\bin\verify.dll
0x000007fef3150000 - 0x000007fef3275000 	C:\Windows\system32\DBGHELP.DLL
0x000007feea0d0000 - 0x000007feea0f8000 	C:\Program Files\Amazon Corretto\jdk11.0.17_8\bin\java.dll
0x000007feea040000 - 0x000007feea04a000 	C:\Program Files\Amazon Corretto\jdk11.0.17_8\bin\jimage.dll
0x000007fee05f0000 - 0x000007fee05fe000 	C:\Program Files\Amazon Corretto\jdk11.0.17_8\bin\instrument.dll
0x000007fee9fd0000 - 0x000007fee9fe8000 	C:\Program Files\Amazon Corretto\jdk11.0.17_8\bin\zip.dll
0x000007fefe470000 - 0x000007feff1fb000 	C:\Windows\system32\SHELL32.dll
0x000007fefdb70000 - 0x000007fefdd6f000 	C:\Windows\system32\ole32.dll
0x000007fefccf0000 - 0x000007fefccff000 	C:\Windows\system32\profapi.dll
0x000007fee9fb0000 - 0x000007fee9fc9000 	C:\Program Files\Amazon Corretto\jdk11.0.17_8\bin\net.dll
0x000007fef8640000 - 0x000007fef86b1000 	C:\Windows\system32\WINHTTP.dll
0x000007fef85d0000 - 0x000007fef8635000 	C:\Windows\system32\webio.dll
0x000007fefc430000 - 0x000007fefc485000 	C:\Windows\system32\mswsock.dll
0x000007fefc420000 - 0x000007fefc427000 	C:\Windows\System32\wship6.dll
0x000007fee9cb0000 - 0x000007fee9cc3000 	C:\Program Files\Amazon Corretto\jdk11.0.17_8\bin\nio.dll
0x000007fedfbc0000 - 0x000007fedfbda000 	C:\Program Files\JetBrains\IntelliJ IDEA Community Edition 2022.2.3\bin\breakgen64.dll
0x000007fee0120000 - 0x000007fee0145000 	C:\Program Files\Amazon Corretto\jdk11.0.17_8\bin\sunec.dll
0x000007fefc490000 - 0x000007fefc4a8000 	C:\Windows\system32\CRYPTSP.dll
0x000007fefc190000 - 0x000007fefc1d7000 	C:\Windows\system32\rsaenh.dll
0x000007fefcd50000 - 0x000007fefcd6f000 	C:\Windows\system32\USERENV.dll
0x000007fefcb90000 - 0x000007fefcb9f000 	C:\Windows\system32\CRYPTBASE.dll
0x000007fefbbf0000 - 0x000007fefbc17000 	C:\Windows\system32\IPHLPAPI.DLL
0x000007fefbbe0000 - 0x000007fefbbeb000 	C:\Windows\system32\WINNSI.DLL
0x000007fef9bd0000 - 0x000007fef9be1000 	C:\Windows\system32\dhcpcsvc6.DLL
0x000007fef9b70000 - 0x000007fef9b88000 	C:\Windows\system32\dhcpcsvc.DLL
0x000007fefb4e0000 - 0x000007fefb4e7000 	C:\Windows\System32\wshtcpip.dll
0x000007fefc2b0000 - 0x000007fefc30b000 	C:\Windows\system32\DNSAPI.dll
0x000007fef8240000 - 0x000007fef8248000 	C:\Windows\system32\rasadhlp.dll
0x000007fef9ca0000 - 0x000007fef9cf3000 	C:\Windows\System32\fwpuclnt.dll
0x000007fedec20000 - 0x000007fedec2e000 	C:\Program Files\Amazon Corretto\jdk11.0.17_8\bin\sunmscapi.dll
0x000007fefcdd0000 - 0x000007fefcf3d000 	C:\Windows\system32\CRYPT32.dll
0x000007fefcd00000 - 0x000007fefcd0f000 	C:\Windows\system32\MSASN1.dll
0x000007fefc660000 - 0x000007fefc6b0000 	C:\Windows\system32\ncrypt.dll
0x000007fefc630000 - 0x000007fefc652000 	C:\Windows\system32\bcrypt.dll
0x000007fefcb30000 - 0x000007fefcb87000 	C:\Windows\system32\apphelp.dll
0x000007fef9f30000 - 0x000007fef9f45000 	C:\Windows\system32\NLAapi.dll
0x000007fef9d00000 - 0x000007fef9d15000 	C:\Windows\system32\napinsp.dll
0x000007fef9c80000 - 0x000007fef9c99000 	C:\Windows\system32\pnrpnsp.dll
0x000007fef9e20000 - 0x000007fef9e2b000 	C:\Windows\System32\winrnr.dll

dbghelp: loaded successfully - version: 4.0.5 - missing functions: none
symbol engine: initialized successfully - sym options: 0x614 - pdb path: .;C:\Program Files\Amazon Corretto\jdk11.0.17_8\bin;C:\Windows\SYSTEM32;C:\Windows\WinSxS\amd64_microsoft.windows.common-controls_6595b64144ccf1df_6.0.7601.24483_none_e372d88f30fbb845;C:\Program Files\Amazon Corretto\jdk11.0.17_8\bin\server;C:\Program Files\JetBrains\IntelliJ IDEA Community Edition 2022.2.3\bin

VM Arguments:
jvm_args: -ea -Didea.test.cyclic.buffer.size=1048576 -javaagent:C:\Program Files\JetBrains\IntelliJ IDEA Community Edition 2022.2.3\lib\idea_rt.jar=54277:C:\Program Files\JetBrains\IntelliJ IDEA Community Edition 2022.2.3\bin -Dfile.encoding=UTF-8 
java_command: com.intellij.rt.junit.JUnitStarter -ideVersion5 -junit4 scooterTest.InChromeBrowserTest.ImpotantQuestionTest,IsVisibleTextWhenClickedButton
java_class_path (initial): C:\Program Files\JetBrains\IntelliJ IDEA Community Edition 2022.2.3\lib\idea_rt.jar;C:\Program Files\JetBrains\IntelliJ IDEA Community Edition 2022.2.3\plugins\junit\lib\junit5-rt.jar;C:\Program Files\JetBrains\IntelliJ IDEA Community Edition 2022.2.3\plugins\junit\lib\junit-rt.jar;G:\EDIprojects\Sprint_4_TokarevN - копия\target\test-classes;G:\EDIprojects\Sprint_4_TokarevN - копия\target\classes;C:\Users\Администратор\.m2\repository\junit\junit\4.13.2\junit-4.13.2.jar;C:\Users\Администратор\.m2\repository\org\hamcrest\hamcrest-core\1.3\hamcrest-core-1.3.jar;C:\Users\Администратор\.m2\repository\org\seleniumhq\selenium\selenium-java\3.141.59\selenium-java-3.141.59.jar;C:\Users\Администратор\.m2\repository\org\seleniumhq\selenium\selenium-api\3.141.59\selenium-api-3.141.59.jar;C:\Users\Администратор\.m2\repository\org\seleniumhq\selenium\selenium-chrome-driver\3.141.59\selenium-chrome-driver-3.141.59.jar;C:\Users\Администратор\.m2\repository\org\seleniumhq\selenium\selenium-edge-driver\3.141.59\selenium-edge-driver-3.141.59.jar;C:\Users\Администратор\.m2\repository\org\seleniumhq\selenium\selenium-firefox-driver\3.141.59\selenium-firefox-driver-3.141.59.jar;C:\Users\Администратор\.m2\repository\org\seleniumhq\selenium\selenium-ie-driver\3.141.59\selenium-ie-driver-3.141.59.jar;C:\Users\Администратор\.m2\repository\org\seleniumhq\selenium\selenium-opera-driver\3.141.59\selenium-opera-driver-3.141.59.jar;C:\Users\Администратор\.m2\repository\org\seleniumhq\selenium\selenium-remote-driver\3.141.59\selenium-remote-driver-3.141.59.jar;C:\Users\Администратор\.m2\repository\org\seleniumhq\selenium\selenium-safari-driver\3.141.59\selenium-safari-driver-3.141.59.jar;C:\Users\Администратор\.m2\repository\org\seleniumhq\selenium\selenium-support\3.141.59\selenium-support-3.141.59.jar;C:\Users\Администратор\.m2\repository\net\bytebuddy\byte-buddy\1.8.15\byte-buddy-1.8.15.jar;C:\Users\Администратор\.m2\repository\org\apache\commons\commons-exec\1.3\co
Launcher Type: SUN_STANDARD

[Global flags]
     intx CICompilerCount                          = 3                                         {product} {ergonomic}
     uint ConcGCThreads                            = 1                                         {product} {ergonomic}
     uint G1ConcRefinementThreads                  = 4                                         {product} {ergonomic}
   size_t G1HeapRegionSize                         = 1048576                                   {product} {ergonomic}
    uintx GCDrainStackTargetSize                   = 64                                        {product} {ergonomic}
   size_t InitialHeapSize                          = 268435456                                 {product} {ergonomic}
   size_t MarkStackSize                            = 4194304                                   {product} {ergonomic}
   size_t MaxHeapSize                              = 4269801472                                {product} {ergonomic}
   size_t MaxNewSize                               = 2561671168                                {product} {ergonomic}
   size_t MinHeapDeltaBytes                        = 1048576                                   {product} {ergonomic}
    uintx NonNMethodCodeHeapSize                   = 5830732                                {pd product} {ergonomic}
    uintx NonProfiledCodeHeapSize                  = 122913754                              {pd product} {ergonomic}
    uintx ProfiledCodeHeapSize                     = 122913754                              {pd product} {ergonomic}
    uintx ReservedCodeCacheSize                    = 251658240                              {pd product} {ergonomic}
     bool SegmentedCodeCache                       = true                                      {product} {ergonomic}
     bool UseCompressedClassPointers               = true                                 {lp64_product} {ergonomic}
     bool UseCompressedOops                        = true                                 {lp64_product} {ergonomic}
     bool UseG1GC                                  = true                                      {product} {ergonomic}
     bool UseLargePagesIndividualAllocation        = false                                  {pd product} {ergonomic}

Logging:
Log output configuration:
 #0: stdout all=warning uptime,level,tags
 #1: stderr all=off uptime,level,tags

Environment Variables:
JAVA_HOME=C:\Program Files\Amazon Corretto\jdk11.0.17_8\
PATH=C:\WebDriver\bin;C:\Program Files\Git\cmd;C:\Program Files\Git\mingw64\bin;C:\Program Files\Git\usr\bin
USERNAME=Администратор
OS=Windows_NT
PROCESSOR_IDENTIFIER=Intel64 Family 6 Model 94 Stepping 3, GenuineIntel
TMP=C:\Users\836D~1\AppData\Local\Temp
TEMP=C:\Users\836D~1\AppData\Local\Temp



---------------  S Y S T E M  ---------------

OS: Windows 7 , 64 bit Build 7601 (6.1.7601.24520)
OS uptime: 0 days 10:32 hours

CPU:total 4 (initial active 4) (4 cores per cpu, 1 threads per core) family 6 model 94 stepping 3 microcode 0x0, cmov, cx8, fxsr, mmx, sse, sse2, sse3, ssse3, sse4.1, sse4.2, popcnt, avx, avx2, aes, clmul, erms, 3dnowpref, lzcnt, tsc, tscinvbit, bmi1, bmi2, adx, fma

Memory: 4k page, system-wide physical 16285M (3606M free)
TotalPageFile size 24475M (AvailPageFile size 6M)
current process WorkingSet (physical memory assigned to process): 156M, peak: 158M
current process commit charge ("private bytes"): 433M, peak: 436M

vm_info: OpenJDK 64-Bit Server VM (11.0.17+8-LTS) for windows-amd64 JRE (11.0.17+8-LTS), built on Oct 14 2022 18:02:01 by "Administrator" with MS VC++ 15.9 (VS2017)

END.
